This is pdfTeX, Version 3.14159265-2.6-1.40.17 (MiKTeX 2.9) (preloaded format=pdflatex 2016.10.11)  6 APR 2017 15:30
entering extended mode
**./abstract.tex
(abstract.tex
LaTeX2e <2016/03/31> patch level 3
Babel <3.9r> and hyphenation patterns for 75 language(s) loaded.

! LaTeX Error: \abstractnamefont undefined.

See the LaTeX manual or LaTeX Companion for explanation.
Type  H <return>  for immediate help.
 ...                                              
                                                  
l.1 \renewcommand{\abstractnamefont}
                                    {\normalfont\Large\bfseries}
Try typing  <return>  to proceed.
If that doesn't work, type  X <return>  to quit.


! LaTeX Error: Missing \begin{document}.

See the LaTeX manual or LaTeX Companion for explanation.
Type  H <return>  for immediate help.
 ...                                              
                                                  
l.5 \hskip
          7mm
You're in trouble here.  Try typing  <return>  to proceed.
If that doesn't work, type  X <return>  to quit.


Overfull \hbox (20.0pt too wide) in paragraph at lines 5--6
[] 
 []

! Undefined control sequence.
l.12 \section
             *{Abstract}
The control sequence at the end of the top line
of your error message was never \def'ed. If you have
misspelled it (e.g., `\hobx'), type `I' and the correct
spelling (e.g., `I\hbox'). Otherwise just continue,
and I'll forget about whatever was undefined.


! LaTeX Error: Missing \begin{document}.

See the LaTeX manual or LaTeX Companion for explanation.
Type  H <return>  for immediate help.
 ...                                              
                                                  
l.12 \section*
              {Abstract}
You're in trouble here.  Try typing  <return>  to proceed.
If that doesn't work, type  X <return>  to quit.

Missing character: There is no * in font nullfont!
Missing character: There is no A in font nullfont!
Missing character: There is no b in font nullfont!
Missing character: There is no s in font nullfont!
Missing character: There is no t in font nullfont!
Missing character: There is no r in font nullfont!
Missing character: There is no a in font nullfont!
Missing character: There is no c in font nullfont!
Missing character: There is no t in font nullfont!

Overfull \hbox (20.0pt too wide) in paragraph at lines 12--13
[] 
 []


! LaTeX Error: Environment spacing undefined.

See the LaTeX manual or LaTeX Companion for explanation.
Type  H <return>  for immediate help.
 ...                                              
                                                  
l.15 \begin{spacing}
                    {1.3}
Your command was ignored.
Type  I <command> <return>  to replace it with another command,
or  <return>  to continue without it.


! LaTeX Error: Missing \begin{document}.

See the LaTeX manual or LaTeX Companion for explanation.
Type  H <return>  for immediate help.
 ...                                              
                                                  
l.15 \begin{spacing}{1
                      .3}
You're in trouble here.  Try typing  <return>  to proceed.
If that doesn't work, type  X <return>  to quit.

Missing character: There is no 1 in font nullfont!
Missing character: There is no . in font nullfont!
Missing character: There is no 3 in font nullfont!
Missing character: There is no I in font nullfont!
Missing character: There is no n in font nullfont!
Missing character: There is no t in font nullfont!
Missing character: There is no h in font nullfont!
Missing character: There is no e in font nullfont!
Missing character: There is no w in font nullfont!
Missing character: There is no o in font nullfont!
Missing character: There is no r in font nullfont!
Missing character: There is no l in font nullfont!
Missing character: There is no d in font nullfont!
Missing character: There is no o in font nullfont!
Missing character: There is no f in font nullfont!
Missing character: There is no D in font nullfont!
Missing character: There is no a in font nullfont!
Missing character: There is no t in font nullfont!
Missing character: There is no a in font nullfont!
Missing character: There is no A in font nullfont!
Missing character: There is no n in font nullfont!
Missing character: There is no a in font nullfont!
Missing character: There is no l in font nullfont!
Missing character: There is no y in font nullfont!
Missing character: There is no s in font nullfont!
Missing character: There is no i in font nullfont!
Missing character: There is no s in font nullfont!
Missing character: There is no , in font nullfont!
Missing character: There is no m in font nullfont!
Missing character: There is no a in font nullfont!
Missing character: There is no n in font nullfont!
Missing character: There is no y in font nullfont!
Missing character: There is no f in font nullfont!
Missing character: There is no e in font nullfont!
Missing character: There is no a in font nullfont!
Missing character: There is no t in font nullfont!
Missing character: There is no u in font nullfont!
Missing character: There is no r in font nullfont!
Missing character: There is no e in font nullfont!
Missing character: There is no s in font nullfont!
Missing character: There is no a in font nullfont!
Missing character: There is no r in font nullfont!
Missing character: There is no e in font nullfont!
Missing character: There is no p in font nullfont!
Missing character: There is no r in font nullfont!
Missing character: There is no o in font nullfont!
Missing character: There is no p in font nullfont!
Missing character: There is no o in font nullfont!
Missing character: There is no s in font nullfont!
Missing character: There is no e in font nullfont!
Missing character: There is no d in font nullfont!
Missing character: There is no t in font nullfont!
Missing character: There is no o in font nullfont!
Missing character: There is no p in font nullfont!
Missing character: There is no e in font nullfont!
Missing character: There is no r in font nullfont!
Missing character: There is no f in font nullfont!
Missing character: There is no o in font nullfont!
Missing character: There is no r in font nullfont!
Missing character: There is no m in font nullfont!
Missing character: There is no d in font nullfont!
Missing character: There is no a in font nullfont!
Missing character: There is no t in font nullfont!
Missing character: There is no a in font nullfont!
Missing character: There is no a in font nullfont!
Missing character: There is no t in font nullfont!
Missing character: There is no a in font nullfont!
Missing character: There is no l in font nullfont!
Missing character: There is no a in font nullfont!
Missing character: There is no r in font nullfont!
Missing character: There is no g in font nullfont!
Missing character: There is no e in font nullfont!
Missing character: There is no s in font nullfont!
Missing character: There is no c in font nullfont!
Missing character: There is no a in font nullfont!
Missing character: There is no l in font nullfont!
Missing character: There is no e in font nullfont!
Missing character: There is no w in font nullfont!
Missing character: There is no i in font nullfont!
Missing character: There is no t in font nullfont!
Missing character: There is no h in font nullfont!
Missing character: There is no a in font nullfont!
Missing character: There is no f in font nullfont!
Missing character: There is no a in font nullfont!
Missing character: There is no s in font nullfont!
Missing character: There is no t in font nullfont!
Missing character: There is no , in font nullfont!
Missing character: There is no s in font nullfont!
Missing character: There is no u in font nullfont!
Missing character: There is no r in font nullfont!
Missing character: There is no e in font nullfont!
Missing character: There is no a in font nullfont!
Missing character: There is no n in font nullfont!
Missing character: There is no d in font nullfont!
Missing character: There is no i in font nullfont!
Missing character: There is no n in font nullfont!
Missing character: There is no t in font nullfont!
Missing character: There is no e in font nullfont!
Missing character: There is no l in font nullfont!
Missing character: There is no l in font nullfont!
Missing character: There is no i in font nullfont!
Missing character: There is no g in font nullfont!
Missing character: There is no e in font nullfont!
Missing character: There is no n in font nullfont!
Missing character: There is no t in font nullfont!
Missing character: There is no p in font nullfont!
Missing character: There is no r in font nullfont!
Missing character: There is no o in font nullfont!
Missing character: There is no c in font nullfont!
Missing character: There is no e in font nullfont!
Missing character: There is no s in font nullfont!
Missing character: There is no s in font nullfont!
Missing character: There is no . in font nullfont!
Missing character: There is no S in font nullfont!
Missing character: There is no u in font nullfont!
Missing character: There is no c in font nullfont!
Missing character: There is no h in font nullfont!
Missing character: There is no a in font nullfont!
Missing character: There is no c in font nullfont!
Missing character: There is no o in font nullfont!
Missing character: There is no m in font nullfont!
Missing character: There is no p in font nullfont!
Missing character: There is no u in font nullfont!
Missing character: There is no t in font nullfont!
Missing character: There is no i in font nullfont!
Missing character: There is no n in font nullfont!
Missing character: There is no g in font nullfont!
Missing character: There is no f in font nullfont!
Missing character: There is no i in font nullfont!
Missing character: There is no e in font nullfont!
Missing character: There is no l in font nullfont!
Missing character: There is no d in font nullfont!
Missing character: There is no i in font nullfont!
Missing character: There is no s in font nullfont!
Missing character: There is no c in font nullfont!
Missing character: There is no a in font nullfont!
Missing character: There is no l in font nullfont!
Missing character: There is no l in font nullfont!
Missing character: There is no e in font nullfont!
Missing character: There is no d in font nullfont!
Missing character: There is no B in font nullfont!
Missing character: There is no I in font nullfont!
Missing character: There is no G in font nullfont!
Missing character: There is no D in font nullfont!
Missing character: There is no A in font nullfont!
Missing character: There is no T in font nullfont!
Missing character: There is no A in font nullfont!
Missing character: There is no . in font nullfont!
Missing character: There is no I in font nullfont!
Missing character: There is no n in font nullfont!
Missing character: There is no t in font nullfont!
Missing character: There is no h in font nullfont!
Missing character: There is no i in font nullfont!
Missing character: There is no s in font nullfont!
Missing character: There is no g in font nullfont!
Missing character: There is no r in font nullfont!
Missing character: There is no a in font nullfont!
Missing character: There is no d in font nullfont!
Missing character: There is no u in font nullfont!
Missing character: There is no a in font nullfont!
Missing character: There is no t in font nullfont!
Missing character: There is no i in font nullfont!
Missing character: There is no o in font nullfont!
Missing character: There is no n in font nullfont!
Missing character: There is no p in font nullfont!
Missing character: There is no r in font nullfont!
Missing character: There is no o in font nullfont!
Missing character: There is no j in font nullfont!
Missing character: There is no e in font nullfont!
Missing character: There is no c in font nullfont!
Missing character: There is no t in font nullfont!
Missing character: There is no , in font nullfont!
Missing character: There is no w in font nullfont!
Missing character: There is no e in font nullfont!
Missing character: There is no p in font nullfont!
Missing character: There is no r in font nullfont!
Missing character: There is no o in font nullfont!
Missing character: There is no p in font nullfont!
Missing character: There is no o in font nullfont!
Missing character: There is no s in font nullfont!
Missing character: There is no e in font nullfont!
Missing character: There is no a in font nullfont!
Missing character: There is no B in font nullfont!
Missing character: There is no i in font nullfont!
Missing character: There is no g in font nullfont!
Missing character: There is no D in font nullfont!
Missing character: There is no a in font nullfont!
Missing character: There is no t in font nullfont!
Missing character: There is no a in font nullfont!
Missing character: There is no M in font nullfont!
Missing character: There is no a in font nullfont!
Missing character: There is no n in font nullfont!
Missing character: There is no a in font nullfont!
Missing character: There is no g in font nullfont!
Missing character: There is no e in font nullfont!
Missing character: There is no m in font nullfont!
Missing character: There is no e in font nullfont!
Missing character: There is no n in font nullfont!
Missing character: There is no t in font nullfont!
Missing character: There is no f in font nullfont!
Missing character: There is no o in font nullfont!
Missing character: There is no r in font nullfont!
Missing character: There is no M in font nullfont!
Missing character: There is no a in font nullfont!
Missing character: There is no n in font nullfont!
Missing character: There is no u in font nullfont!
Missing character: There is no f in font nullfont!
Missing character: There is no a in font nullfont!
Missing character: There is no c in font nullfont!
Missing character: There is no t in font nullfont!
Missing character: There is no u in font nullfont!
Missing character: There is no r in font nullfont!
Missing character: There is no i in font nullfont!
Missing character: There is no n in font nullfont!
Missing character: There is no g in font nullfont!
Missing character: There is no I in font nullfont!
Missing character: There is no n in font nullfont!
Missing character: There is no t in font nullfont!
Missing character: There is no e in font nullfont!
Missing character: There is no l in font nullfont!
Missing character: There is no l in font nullfont!
Missing character: There is no i in font nullfont!
Missing character: There is no g in font nullfont!
Missing character: There is no e in font nullfont!
Missing character: There is no n in font nullfont!
Missing character: There is no c in font nullfont!
Missing character: There is no e in font nullfont!
Missing character: There is no A in font nullfont!
Missing character: There is no p in font nullfont!
Missing character: There is no p in font nullfont!
Missing character: There is no l in font nullfont!
Missing character: There is no i in font nullfont!
Missing character: There is no c in font nullfont!
Missing character: There is no a in font nullfont!
Missing character: There is no t in font nullfont!
Missing character: There is no i in font nullfont!
Missing character: There is no o in font nullfont!
Missing character: There is no n in font nullfont!
Missing character: There is no t in font nullfont!
Missing character: There is no h in font nullfont!
Missing character: There is no a in font nullfont!
Missing character: There is no t in font nullfont!
Missing character: There is no p in font nullfont!
Missing character: There is no e in font nullfont!
Missing character: There is no r in font nullfont!
Missing character: There is no f in font nullfont!
Missing character: There is no o in font nullfont!
Missing character: There is no r in font nullfont!
Missing character: There is no m in font nullfont!
Missing character: There is no s in font nullfont!
Missing character: There is no t in font nullfont!
Missing character: There is no a in font nullfont!
Missing character: There is no t in font nullfont!
Missing character: There is no i in font nullfont!
Missing character: There is no c in font nullfont!
Missing character: There is no s in font nullfont!
Missing character: There is no o in font nullfont!
Missing character: There is no n in font nullfont!
Missing character: There is no a in font nullfont!
Missing character: There is no l in font nullfont!
Missing character: There is no a in font nullfont!
Missing character: There is no r in font nullfont!
Missing character: There is no g in font nullfont!
Missing character: There is no e in font nullfont!
Missing character: There is no s in font nullfont!
Missing character: There is no c in font nullfont!
Missing character: There is no a in font nullfont!
Missing character: There is no l in font nullfont!
Missing character: There is no e in font nullfont!
Missing character: There is no o in font nullfont!
Missing character: There is no f in font nullfont!
Missing character: There is no d in font nullfont!
Missing character: There is no a in font nullfont!
Missing character: There is no t in font nullfont!
Missing character: There is no a in font nullfont!
Missing character: There is no w in font nullfont!
Missing character: There is no i in font nullfont!
Missing character: There is no t in font nullfont!
Missing character: There is no h in font nullfont!
Missing character: There is no f in font nullfont!
Missing character: There is no e in font nullfont!
Missing character: There is no a in font nullfont!
Missing character: There is no t in font nullfont!
Missing character: There is no u in font nullfont!
Missing character: There is no r in font nullfont!
Missing character: There is no e in font nullfont!
Missing character: There is no s in font nullfont!
Missing character: There is no a in font nullfont!
Missing character: There is no n in font nullfont!
Missing character: There is no d in font nullfont!
Missing character: There is no f in font nullfont!
Missing character: There is no u in font nullfont!
Missing character: There is no n in font nullfont!
Missing character: There is no c in font nullfont!
Missing character: There is no t in font nullfont!
Missing character: There is no i in font nullfont!
Missing character: There is no o in font nullfont!
Missing character: There is no n in font nullfont!
Missing character: There is no a in font nullfont!
Missing character: There is no l in font nullfont!
Missing character: There is no i in font nullfont!
Missing character: There is no t in font nullfont!
Missing character: There is no i in font nullfont!
Missing character: There is no e in font nullfont!
Missing character: There is no s in font nullfont!
Missing character: There is no p in font nullfont!
Missing character: There is no e in font nullfont!
Missing character: There is no r in font nullfont!
Missing character: There is no f in font nullfont!
Missing character: There is no o in font nullfont!
Missing character: There is no r in font nullfont!
Missing character: There is no m in font nullfont!
Missing character: There is no i in font nullfont!
Missing character: There is no n in font nullfont!
Missing character: There is no g in font nullfont!
Missing character: There is no u in font nullfont!
Missing character: There is no s in font nullfont!
Missing character: There is no i in font nullfont!
Missing character: There is no n in font nullfont!
Missing character: There is no g in font nullfont!
Missing character: There is no b in font nullfont!
Missing character: There is no e in font nullfont!
Missing character: There is no s in font nullfont!
Missing character: There is no t in font nullfont!
Missing character: There is no a in font nullfont!
Missing character: There is no l in font nullfont!
Missing character: There is no g in font nullfont!
Missing character: There is no o in font nullfont!
Missing character: There is no r in font nullfont!
Missing character: There is no i in font nullfont!
Missing character: There is no t in font nullfont!
Missing character: There is no h in font nullfont!
Missing character: There is no m in font nullfont!
Missing character: There is no s in font nullfont!
Missing character: There is no a in font nullfont!
Missing character: There is no n in font nullfont!
Missing character: There is no d in font nullfont!
Missing character: There is no t in font nullfont!
Missing character: There is no o in font nullfont!
Missing character: There is no o in font nullfont!
Missing character: There is no l in font nullfont!
Missing character: There is no s in font nullfont!
Missing character: There is no , in font nullfont!
Missing character: There is no p in font nullfont!
Missing character: There is no r in font nullfont!
Missing character: There is no o in font nullfont!
Missing character: There is no v in font nullfont!
Missing character: There is no i in font nullfont!
Missing character: There is no d in font nullfont!
Missing character: There is no i in font nullfont!
Missing character: There is no n in font nullfont!
Missing character: There is no g in font nullfont!
Missing character: There is no s in font nullfont!
Missing character: There is no a in font nullfont!
Missing character: There is no t in font nullfont!
Missing character: There is no i in font nullfont!
Missing character: There is no s in font nullfont!
Missing character: There is no f in font nullfont!
Missing character: There is no a in font nullfont!
Missing character: There is no c in font nullfont!
Missing character: There is no t in font nullfont!
Missing character: There is no o in font nullfont!
Missing character: There is no r in font nullfont!
Missing character: There is no y in font nullfont!
Missing character: There is no r in font nullfont!
Missing character: There is no e in font nullfont!
Missing character: There is no s in font nullfont!
Missing character: There is no u in font nullfont!
Missing character: There is no l in font nullfont!
Missing character: There is no t in font nullfont!
Missing character: There is no s in font nullfont!
Missing character: There is no . in font nullfont!
! Undefined control sequence.
<recently read> \keyword 
                         
l.17 \keyword
             {Keywords: Big Data, Spark, HDFS, Big Data Analytics}
The control sequence at the end of the top line
of your error message was never \def'ed. If you have
misspelled it (e.g., `\hobx'), type `I' and the correct
spelling (e.g., `I\hbox'). Otherwise just continue,
and I'll forget about whatever was undefined.

Missing character: There is no K in font nullfont!
Missing character: There is no e in font nullfont!
Missing character: There is no y in font nullfont!
Missing character: There is no w in font nullfont!
Missing character: There is no o in font nullfont!
Missing character: There is no r in font nullfont!
Missing character: There is no d in font nullfont!
Missing character: There is no s in font nullfont!
Missing character: There is no : in font nullfont!
Missing character: There is no B in font nullfont!
Missing character: There is no i in font nullfont!
Missing character: There is no g in font nullfont!
Missing character: There is no D in font nullfont!
Missing character: There is no a in font nullfont!
Missing character: There is no t in font nullfont!
Missing character: There is no a in font nullfont!
Missing character: There is no , in font nullfont!
Missing character: There is no S in font nullfont!
Missing character: There is no p in font nullfont!
Missing character: There is no a in font nullfont!
Missing character: There is no r in font nullfont!
Missing character: There is no k in font nullfont!
Missing character: There is no , in font nullfont!
Missing character: There is no H in font nullfont!
Missing character: There is no D in font nullfont!
Missing character: There is no F in font nullfont!
Missing character: There is no S in font nullfont!
Missing character: There is no , in font nullfont!
Missing character: There is no B in font nullfont!
Missing character: There is no i in font nullfont!
Missing character: There is no g in font nullfont!
Missing character: There is no D in font nullfont!
Missing character: There is no a in font nullfont!
Missing character: There is no t in font nullfont!
Missing character: There is no a in font nullfont!
Missing character: There is no A in font nullfont!
Missing character: There is no n in font nullfont!
Missing character: There is no a in font nullfont!
Missing character: There is no l in font nullfont!
Missing character: There is no y in font nullfont!
Missing character: There is no t in font nullfont!
Missing character: There is no i in font nullfont!
Missing character: There is no c in font nullfont!
Missing character: There is no s in font nullfont!

! LaTeX Error: \begin{document} ended by \end{spacing}.

See the LaTeX manual or LaTeX Companion for explanation.
Type  H <return>  for immediate help.
 ...                                              
                                                  
l.18 \end{spacing}
                  
Your command was ignored.
Type  I <command> <return>  to replace it with another command,
or  <return>  to continue without it.


Overfull \hbox (20.0pt too wide) in paragraph at lines 15--19
[]
 []

! Undefined control sequence.
l.24 \section
             *{R√©sum√©}
The control sequence at the end of the top line
of your error message was never \def'ed. If you have
misspelled it (e.g., `\hobx'), type `I' and the correct
spelling (e.g., `I\hbox'). Otherwise just continue,
and I'll forget about whatever was undefined.


! LaTeX Error: Missing \begin{document}.

See the LaTeX manual or LaTeX Companion for explanation.
Type  H <return>  for immediate help.
 ...                                              
                                                  
l.24 \section*
              {R√©sum√©}
You're in trouble here.  Try typing  <return>  to proceed.
If that doesn't work, type  X <return>  to quit.

Missing character: There is no * in font nullfont!
Missing character: There is no R in font nullfont!
Missing character: There is no √ in font nullfont!
Missing character: There is no © in font nullfont!
Missing character: There is no s in font nullfont!
Missing character: There is no u in font nullfont!
Missing character: There is no m in font nullfont!
Missing character: There is no √ in font nullfont!
Missing character: There is no © in font nullfont!

Overfull \hbox (20.0pt too wide) in paragraph at lines 24--25
[] 
 []


! LaTeX Error: Environment spacing undefined.

See the LaTeX manual or LaTeX Companion for explanation.
Type  H <return>  for immediate help.
 ...                                              
                                                  
l.27 \begin{spacing}
                    {1.3}
Your command was ignored.
Type  I <command> <return>  to replace it with another command,
or  <return>  to continue without it.


! LaTeX Error: Missing \begin{document}.

See the LaTeX manual or LaTeX Companion for explanation.
Type  H <return>  for immediate help.
 ...                                              
                                                  
l.27 \begin{spacing}{1
                      .3}
You're in trouble here.  Try typing  <return>  to proceed.
If that doesn't work, type  X <return>  to quit.

Missing character: There is no 1 in font nullfont!
Missing character: There is no . in font nullfont!
Missing character: There is no 3 in font nullfont!
Missing character: There is no D in font nullfont!
Missing character: There is no a in font nullfont!
Missing character: There is no n in font nullfont!
Missing character: There is no s in font nullfont!
Missing character: There is no l in font nullfont!
Missing character: There is no e in font nullfont!
Missing character: There is no m in font nullfont!
Missing character: There is no o in font nullfont!
Missing character: There is no n in font nullfont!
Missing character: There is no d in font nullfont!
Missing character: There is no e in font nullfont!
Missing character: There is no d in font nullfont!
Missing character: There is no e in font nullfont!
Missing character: There is no l in font nullfont!
Missing character: There is no ' in font nullfont!
Missing character: There is no a in font nullfont!
Missing character: There is no n in font nullfont!
Missing character: There is no a in font nullfont!
Missing character: There is no l in font nullfont!
Missing character: There is no y in font nullfont!
Missing character: There is no s in font nullfont!
Missing character: There is no e in font nullfont!
Missing character: There is no d in font nullfont!
Missing character: There is no e in font nullfont!
Missing character: There is no d in font nullfont!
Missing character: There is no o in font nullfont!
Missing character: There is no n in font nullfont!
Missing character: There is no n in font nullfont!
Missing character: There is no √ in font nullfont!
Missing character: There is no © in font nullfont!
Missing character: There is no e in font nullfont!
Missing character: There is no s in font nullfont!
Missing character: There is no , in font nullfont!
Missing character: There is no d in font nullfont!
Missing character: There is no e in font nullfont!
Missing character: There is no n in font nullfont!
Missing character: There is no o in font nullfont!
Missing character: There is no m in font nullfont!
Missing character: There is no b in font nullfont!
Missing character: There is no r in font nullfont!
Missing character: There is no e in font nullfont!
Missing character: There is no u in font nullfont!
Missing character: There is no s in font nullfont!
Missing character: There is no e in font nullfont!
Missing character: There is no s in font nullfont!
Missing character: There is no f in font nullfont!
Missing character: There is no o in font nullfont!
Missing character: There is no n in font nullfont!
Missing character: There is no c in font nullfont!
Missing character: There is no t in font nullfont!
Missing character: There is no i in font nullfont!
Missing character: There is no o in font nullfont!
Missing character: There is no n in font nullfont!
Missing character: There is no n in font nullfont!
Missing character: There is no a in font nullfont!
Missing character: There is no l in font nullfont!
Missing character: There is no i in font nullfont!
Missing character: There is no t in font nullfont!
Missing character: There is no √ in font nullfont!
Missing character: There is no © in font nullfont!
Missing character: There is no s in font nullfont!
Missing character: There is no s in font nullfont!
Missing character: There is no o in font nullfont!
Missing character: There is no n in font nullfont!
Missing character: There is no t in font nullfont!
Missing character: There is no p in font nullfont!
Missing character: There is no r in font nullfont!
Missing character: There is no o in font nullfont!
Missing character: There is no p in font nullfont!
Missing character: There is no o in font nullfont!
Missing character: There is no s in font nullfont!
Missing character: There is no √ in font nullfont!
Missing character: There is no © in font nullfont!
Missing character: There is no e in font nullfont!
Missing character: There is no s in font nullfont!
Missing character: There is no p in font nullfont!
Missing character: There is no o in font nullfont!
Missing character: There is no u in font nullfont!
Missing character: There is no r in font nullfont!
Missing character: There is no e in font nullfont!
Missing character: There is no f in font nullfont!
Missing character: There is no f in font nullfont!
Missing character: There is no e in font nullfont!
Missing character: There is no c in font nullfont!
Missing character: There is no t in font nullfont!
Missing character: There is no u in font nullfont!
Missing character: There is no e in font nullfont!
Missing character: There is no r in font nullfont!
Missing character: There is no d in font nullfont!
Missing character: There is no e in font nullfont!
Missing character: There is no s in font nullfont!
Missing character: There is no d in font nullfont!
Missing character: There is no o in font nullfont!
Missing character: There is no n in font nullfont!
Missing character: There is no n in font nullfont!
Missing character: There is no √ in font nullfont!
Missing character: There is no © in font nullfont!
Missing character: There is no e in font nullfont!
Missing character: There is no s in font nullfont!
Missing character: There is no √ in font nullfont!
Missing character: There is no † in font nullfont!
Missing character: There is no g in font nullfont!
Missing character: There is no r in font nullfont!
Missing character: There is no a in font nullfont!
Missing character: There is no n in font nullfont!
Missing character: There is no d in font nullfont!
Missing character: There is no e in font nullfont!
Missing character: There is no √ in font nullfont!
Missing character: There is no © in font nullfont!
Missing character: There is no c in font nullfont!
Missing character: There is no h in font nullfont!
Missing character: There is no e in font nullfont!
Missing character: There is no l in font nullfont!
Missing character: There is no l in font nullfont!
Missing character: There is no e in font nullfont!
Missing character: There is no a in font nullfont!
Missing character: There is no v in font nullfont!
Missing character: There is no e in font nullfont!
Missing character: There is no c in font nullfont!
Missing character: There is no u in font nullfont!
Missing character: There is no n in font nullfont!
Missing character: There is no p in font nullfont!
Missing character: There is no r in font nullfont!
Missing character: There is no o in font nullfont!
Missing character: There is no c in font nullfont!
Missing character: There is no e in font nullfont!
Missing character: There is no s in font nullfont!
Missing character: There is no s in font nullfont!
Missing character: There is no u in font nullfont!
Missing character: There is no s in font nullfont!
Missing character: There is no r in font nullfont!
Missing character: There is no a in font nullfont!
Missing character: There is no p in font nullfont!
Missing character: There is no i in font nullfont!
Missing character: There is no d in font nullfont!
Missing character: There is no e in font nullfont!
Missing character: There is no , in font nullfont!
Missing character: There is no s in font nullfont!
Missing character: There is no √ in font nullfont!
Missing character: There is no ª in font nullfont!
Missing character: There is no r in font nullfont!
Missing character: There is no e in font nullfont!
Missing character: There is no t in font nullfont!
Missing character: There is no i in font nullfont!
Missing character: There is no n in font nullfont!
Missing character: There is no t in font nullfont!
Missing character: There is no e in font nullfont!
Missing character: There is no l in font nullfont!
Missing character: There is no l in font nullfont!
Missing character: There is no i in font nullfont!
Missing character: There is no g in font nullfont!
Missing character: There is no e in font nullfont!
Missing character: There is no n in font nullfont!
Missing character: There is no t in font nullfont!
Missing character: There is no . in font nullfont!
Missing character: There is no U in font nullfont!
Missing character: There is no n in font nullfont!
Missing character: There is no t in font nullfont!
Missing character: There is no e in font nullfont!
Missing character: There is no l in font nullfont!
Missing character: There is no c in font nullfont!
Missing character: There is no h in font nullfont!
Missing character: There is no a in font nullfont!
Missing character: There is no m in font nullfont!
Missing character: There is no p in font nullfont!
Missing character: There is no d in font nullfont!
Missing character: There is no ' in font nullfont!
Missing character: There is no i in font nullfont!
Missing character: There is no n in font nullfont!
Missing character: There is no f in font nullfont!
Missing character: There is no o in font nullfont!
Missing character: There is no r in font nullfont!
Missing character: There is no m in font nullfont!
Missing character: There is no a in font nullfont!
Missing character: There is no t in font nullfont!
Missing character: There is no i in font nullfont!
Missing character: There is no q in font nullfont!
Missing character: There is no u in font nullfont!
Missing character: There is no e in font nullfont!
Missing character: There is no e in font nullfont!
Missing character: There is no s in font nullfont!
Missing character: There is no t in font nullfont!
Missing character: There is no a in font nullfont!
Missing character: There is no p in font nullfont!
Missing character: There is no p in font nullfont!
Missing character: There is no e in font nullfont!
Missing character: There is no l in font nullfont!
Missing character: There is no √ in font nullfont!
Missing character: There is no © in font nullfont!
Missing character: There is no B in font nullfont!
Missing character: There is no I in font nullfont!
Missing character: There is no G in font nullfont!
Missing character: There is no D in font nullfont!
Missing character: There is no A in font nullfont!
Missing character: There is no T in font nullfont!
Missing character: There is no A in font nullfont!
Missing character: There is no . in font nullfont!
Missing character: There is no D in font nullfont!
Missing character: There is no a in font nullfont!
Missing character: There is no n in font nullfont!
Missing character: There is no s in font nullfont!
Missing character: There is no c in font nullfont!
Missing character: There is no e in font nullfont!
Missing character: There is no p in font nullfont!
Missing character: There is no r in font nullfont!
Missing character: There is no o in font nullfont!
Missing character: There is no j in font nullfont!
Missing character: There is no e in font nullfont!
Missing character: There is no t in font nullfont!
Missing character: There is no d in font nullfont!
Missing character: There is no e in font nullfont!
Missing character: There is no f in font nullfont!
Missing character: There is no i in font nullfont!
Missing character: There is no n in font nullfont!
Missing character: There is no d in font nullfont!
Missing character: There is no ' in font nullfont!
Missing character: There is no √ in font nullfont!
Missing character: There is no © in font nullfont!
Missing character: There is no t in font nullfont!
Missing character: There is no u in font nullfont!
Missing character: There is no d in font nullfont!
Missing character: There is no e in font nullfont!
Missing character: There is no , in font nullfont!
Missing character: There is no n in font nullfont!
Missing character: There is no o in font nullfont!
Missing character: There is no u in font nullfont!
Missing character: There is no s in font nullfont!
Missing character: There is no p in font nullfont!
Missing character: There is no r in font nullfont!
Missing character: There is no o in font nullfont!
Missing character: There is no p in font nullfont!
Missing character: There is no o in font nullfont!
Missing character: There is no s in font nullfont!
Missing character: There is no o in font nullfont!
Missing character: There is no n in font nullfont!
Missing character: There is no s in font nullfont!
Missing character: There is no u in font nullfont!
Missing character: There is no n in font nullfont!
Missing character: There is no e in font nullfont!
Missing character: There is no a in font nullfont!
Missing character: There is no p in font nullfont!
Missing character: There is no p in font nullfont!
Missing character: There is no l in font nullfont!
Missing character: There is no i in font nullfont!
Missing character: There is no c in font nullfont!
Missing character: There is no a in font nullfont!
Missing character: There is no t in font nullfont!
Missing character: There is no i in font nullfont!
Missing character: There is no o in font nullfont!
Missing character: There is no n in font nullfont!
Missing character: There is no B in font nullfont!
Missing character: There is no i in font nullfont!
Missing character: There is no g in font nullfont!
Missing character: There is no D in font nullfont!
Missing character: There is no a in font nullfont!
Missing character: There is no t in font nullfont!
Missing character: There is no a in font nullfont!
Missing character: There is no M in font nullfont!
Missing character: There is no a in font nullfont!
Missing character: There is no n in font nullfont!
Missing character: There is no a in font nullfont!
Missing character: There is no g in font nullfont!
Missing character: There is no e in font nullfont!
Missing character: There is no m in font nullfont!
Missing character: There is no e in font nullfont!
Missing character: There is no n in font nullfont!
Missing character: There is no t in font nullfont!
Missing character: There is no f in font nullfont!
Missing character: There is no o in font nullfont!
Missing character: There is no r in font nullfont!
Missing character: There is no M in font nullfont!
Missing character: There is no a in font nullfont!
Missing character: There is no n in font nullfont!
Missing character: There is no u in font nullfont!
Missing character: There is no f in font nullfont!
Missing character: There is no a in font nullfont!
Missing character: There is no c in font nullfont!
Missing character: There is no t in font nullfont!
Missing character: There is no u in font nullfont!
Missing character: There is no r in font nullfont!
Missing character: There is no i in font nullfont!
Missing character: There is no n in font nullfont!
Missing character: There is no g in font nullfont!
Missing character: There is no I in font nullfont!
Missing character: There is no n in font nullfont!
Missing character: There is no t in font nullfont!
Missing character: There is no e in font nullfont!
Missing character: There is no l in font nullfont!
Missing character: There is no l in font nullfont!
Missing character: There is no i in font nullfont!
Missing character: There is no g in font nullfont!
Missing character: There is no e in font nullfont!
Missing character: There is no n in font nullfont!
Missing character: There is no c in font nullfont!
Missing character: There is no e in font nullfont!
Missing character: There is no q in font nullfont!
Missing character: There is no u in font nullfont!
Missing character: There is no i in font nullfont!
Missing character: There is no e in font nullfont!
Missing character: There is no f in font nullfont!
Missing character: There is no f in font nullfont!
Missing character: There is no e in font nullfont!
Missing character: There is no c in font nullfont!
Missing character: There is no t in font nullfont!
Missing character: There is no u in font nullfont!
Missing character: There is no e in font nullfont!
Missing character: There is no u in font nullfont!
Missing character: There is no n in font nullfont!
Missing character: There is no e in font nullfont!
Missing character: There is no s in font nullfont!
Missing character: There is no t in font nullfont!
Missing character: There is no a in font nullfont!
Missing character: There is no t in font nullfont!
Missing character: There is no i in font nullfont!
Missing character: There is no q in font nullfont!
Missing character: There is no u in font nullfont!
Missing character: There is no e in font nullfont!
Missing character: There is no s in font nullfont!
Missing character: There is no u in font nullfont!
Missing character: There is no r in font nullfont!
Missing character: There is no u in font nullfont!
Missing character: There is no n in font nullfont!
Missing character: There is no e in font nullfont!
Missing character: There is no g in font nullfont!
Missing character: There is no r in font nullfont!
Missing character: There is no a in font nullfont!
Missing character: There is no n in font nullfont!
Missing character: There is no d in font nullfont!
Missing character: There is no e in font nullfont!
Missing character: There is no √ in font nullfont!
Missing character: There is no © in font nullfont!
Missing character: There is no c in font nullfont!
Missing character: There is no h in font nullfont!
Missing character: There is no e in font nullfont!
Missing character: There is no l in font nullfont!
Missing character: There is no l in font nullfont!
Missing character: There is no e in font nullfont!
Missing character: There is no d in font nullfont!
Missing character: There is no e in font nullfont!
Missing character: There is no d in font nullfont!
Missing character: There is no o in font nullfont!
Missing character: There is no n in font nullfont!
Missing character: There is no n in font nullfont!
Missing character: There is no √ in font nullfont!
Missing character: There is no © in font nullfont!
Missing character: There is no e in font nullfont!
Missing character: There is no s in font nullfont!
Missing character: There is no a in font nullfont!
Missing character: There is no v in font nullfont!
Missing character: There is no e in font nullfont!
Missing character: There is no c in font nullfont!
Missing character: There is no d in font nullfont!
Missing character: There is no e in font nullfont!
Missing character: There is no s in font nullfont!
Missing character: There is no f in font nullfont!
Missing character: There is no o in font nullfont!
Missing character: There is no n in font nullfont!
Missing character: There is no c in font nullfont!
Missing character: There is no t in font nullfont!
Missing character: There is no i in font nullfont!
Missing character: There is no o in font nullfont!
Missing character: There is no n in font nullfont!
Missing character: There is no n in font nullfont!
Missing character: There is no a in font nullfont!
Missing character: There is no l in font nullfont!
Missing character: There is no i in font nullfont!
Missing character: There is no t in font nullfont!
Missing character: There is no √ in font nullfont!
Missing character: There is no © in font nullfont!
Missing character: There is no s in font nullfont!
Missing character: There is no f in font nullfont!
Missing character: There is no o in font nullfont!
Missing character: There is no n in font nullfont!
Missing character: There is no c in font nullfont!
Missing character: There is no t in font nullfont!
Missing character: There is no i in font nullfont!
Missing character: There is no o in font nullfont!
Missing character: There is no n in font nullfont!
Missing character: There is no n in font nullfont!
Missing character: There is no a in font nullfont!
Missing character: There is no n in font nullfont!
Missing character: There is no t in font nullfont!
Missing character: There is no e in font nullfont!
Missing character: There is no n in font nullfont!
Missing character: There is no u in font nullfont!
Missing character: There is no t in font nullfont!
Missing character: There is no i in font nullfont!
Missing character: There is no l in font nullfont!
Missing character: There is no i in font nullfont!
Missing character: There is no s in font nullfont!
Missing character: There is no a in font nullfont!
Missing character: There is no n in font nullfont!
Missing character: There is no t in font nullfont!
Missing character: There is no l in font nullfont!
Missing character: There is no e in font nullfont!
Missing character: There is no s in font nullfont!
Missing character: There is no m in font nullfont!
Missing character: There is no e in font nullfont!
Missing character: There is no i in font nullfont!
Missing character: There is no l in font nullfont!
Missing character: There is no l in font nullfont!
Missing character: There is no e in font nullfont!
Missing character: There is no u in font nullfont!
Missing character: There is no r in font nullfont!
Missing character: There is no s in font nullfont!
Missing character: There is no a in font nullfont!
Missing character: There is no l in font nullfont!
Missing character: There is no g in font nullfont!
Missing character: There is no o in font nullfont!
Missing character: There is no r in font nullfont!
Missing character: There is no i in font nullfont!
Missing character: There is no t in font nullfont!
Missing character: There is no h in font nullfont!
Missing character: There is no m in font nullfont!
Missing character: There is no e in font nullfont!
Missing character: There is no s in font nullfont!
Missing character: There is no e in font nullfont!
Missing character: There is no t in font nullfont!
Missing character: There is no o in font nullfont!
Missing character: There is no u in font nullfont!
Missing character: There is no t in font nullfont!
Missing character: There is no i in font nullfont!
Missing character: There is no l in font nullfont!
Missing character: There is no s in font nullfont!
Missing character: There is no , in font nullfont!
Missing character: There is no f in font nullfont!
Missing character: There is no o in font nullfont!
Missing character: There is no u in font nullfont!
Missing character: There is no r in font nullfont!
Missing character: There is no n in font nullfont!
Missing character: There is no i in font nullfont!
Missing character: There is no s in font nullfont!
Missing character: There is no s in font nullfont!
Missing character: There is no a in font nullfont!
Missing character: There is no n in font nullfont!
Missing character: There is no t in font nullfont!
Missing character: There is no d in font nullfont!
Missing character: There is no e in font nullfont!
Missing character: There is no s in font nullfont!
Missing character: There is no r in font nullfont!
Missing character: There is no √ in font nullfont!
Missing character: There is no © in font nullfont!
Missing character: There is no s in font nullfont!
Missing character: There is no u in font nullfont!
Missing character: There is no l in font nullfont!
Missing character: There is no t in font nullfont!
Missing character: There is no a in font nullfont!
Missing character: There is no t in font nullfont!
Missing character: There is no s in font nullfont!
Missing character: There is no s in font nullfont!
Missing character: There is no a in font nullfont!
Missing character: There is no t in font nullfont!
Missing character: There is no i in font nullfont!
Missing character: There is no s in font nullfont!
Missing character: There is no f in font nullfont!
Missing character: There is no a in font nullfont!
Missing character: There is no i in font nullfont!
Missing character: There is no s in font nullfont!
Missing character: There is no a in font nullfont!
Missing character: There is no n in font nullfont!
Missing character: There is no t in font nullfont!
Missing character: There is no s in font nullfont!
Missing character: There is no . in font nullfont!
! Undefined control sequence.
<recently read> \keyword 
                         
l.29 \keyword
             {Mots cl√©s: Donn√©es Enormes, Spark, HDFS, Analyse de Donn√©es}
The control sequence at the end of the top line
of your error message was never \def'ed. If you have
misspelled it (e.g., `\hobx'), type `I' and the correct
spelling (e.g., `I\hbox'). Otherwise just continue,
and I'll forget about whatever was undefined.

Missing character: There is no M in font nullfont!
Missing character: There is no o in font nullfont!
Missing character: There is no t in font nullfont!
Missing character: There is no s in font nullfont!
Missing character: There is no c in font nullfont!
Missing character: There is no l in font nullfont!
Missing character: There is no √ in font nullfont!
Missing character: There is no © in font nullfont!
Missing character: There is no s in font nullfont!
Missing character: There is no : in font nullfont!
Missing character: There is no D in font nullfont!
Missing character: There is no o in font nullfont!
Missing character: There is no n in font nullfont!
Missing character: There is no n in font nullfont!
Missing character: There is no √ in font nullfont!
Missing character: There is no © in font nullfont!
Missing character: There is no e in font nullfont!
Missing character: There is no s in font nullfont!
Missing character: There is no E in font nullfont!
Missing character: There is no n in font nullfont!
Missing character: There is no o in font nullfont!
Missing character: There is no r in font nullfont!
Missing character: There is no m in font nullfont!
Missing character: There is no e in font nullfont!
Missing character: There is no s in font nullfont!
Missing character: There is no , in font nullfont!
Missing character: There is no S in font nullfont!
Missing character: There is no p in font nullfont!
Missing character: There is no a in font nullfont!
Missing character: There is no r in font nullfont!
Missing character: There is no k in font nullfont!
Missing character: There is no , in font nullfont!
Missing character: There is no H in font nullfont!
Missing character: There is no D in font nullfont!
Missing character: There is no F in font nullfont!
Missing character: There is no S in font nullfont!
Missing character: There is no , in font nullfont!
Missing character: There is no A in font nullfont!
Missing character: There is no n in font nullfont!
Missing character: There is no a in font nullfont!
Missing character: There is no l in font nullfont!
Missing character: There is no y in font nullfont!
Missing character: There is no s in font nullfont!
Missing character: There is no e in font nullfont!
Missing character: There is no d in font nullfont!
Missing character: There is no e in font nullfont!
Missing character: There is no D in font nullfont!
Missing character: There is no o in font nullfont!
Missing character: There is no n in font nullfont!
Missing character: There is no n in font nullfont!
Missing character: There is no √ in font nullfont!
Missing character: There is no © in font nullfont!
Missing character: There is no e in font nullfont!
Missing character: There is no s in font nullfont!

! LaTeX Error: \begin{document} ended by \end{spacing}.

See the LaTeX manual or LaTeX Companion for explanation.
Type  H <return>  for immediate help.
 ...                                              
                                                  
l.30 \end{spacing}
                  
Your command was ignored.
Type  I <command> <return>  to replace it with another command,
or  <return>  to continue without it.


Overfull \hbox (20.0pt too wide) in paragraph at lines 27--31
[]
 []

! Undefined control sequence.
l.33 \section
             *{\<ÿßŸÑÿÆŸÑÿßÿµÿ©>}
The control sequence at the end of the top line
of your error message was never \def'ed. If you have
misspelled it (e.g., `\hobx'), type `I' and the correct
spelling (e.g., `I\hbox'). Otherwise just continue,
and I'll forget about whatever was undefined.


! LaTeX Error: Missing \begin{document}.

See the LaTeX manual or LaTeX Companion for explanation.
Type  H <return>  for immediate help.
 ...                                              
                                                  
l.33 \section*
              {\<ÿßŸÑÿÆŸÑÿßÿµÿ©>}
You're in trouble here.  Try typing  <return>  to proceed.
If that doesn't work, type  X <return>  to quit.

Missing character: There is no * in font nullfont!
! Undefined control sequence.
l.33 \section*{\<
                 ÿßŸÑÿÆŸÑÿßÿµÿ©>}
The control sequence at the end of the top line
of your error message was never \def'ed. If you have
misspelled it (e.g., `\hobx'), type `I' and the correct
spelling (e.g., `I\hbox'). Otherwise just continue,
and I'll forget about whatever was undefined.

Missing character: There is no ÿ in font nullfont!
Missing character: There is no ß in font nullfont!
Missing character: There is no Ÿ in font nullfont!
Missing character: There is no Ñ in font nullfont!
Missing character: There is no ÿ in font nullfont!
Missing character: There is no Æ in font nullfont!
Missing character: There is no Ÿ in font nullfont!
Missing character: There is no Ñ in font nullfont!
Missing character: There is no ÿ in font nullfont!
Missing character: There is no ß in font nullfont!
Missing character: There is no ÿ in font nullfont!
Missing character: There is no µ in font nullfont!
Missing character: There is no ÿ in font nullfont!
Missing character: There is no © in font nullfont!
Missing character: There is no > in font nullfont!

Overfull \hbox (20.0pt too wide) in paragraph at lines 33--34
[] 
 []


! LaTeX Error: Environment spacing undefined.

See the LaTeX manual or LaTeX Companion for explanation.
Type  H <return>  for immediate help.
 ...                                              
                                                  
l.36 \begin{spacing}
                    {1.3}
Your command was ignored.
Type  I <command> <return>  to replace it with another command,
or  <return>  to continue without it.


! LaTeX Error: Missing \begin{document}.

See the LaTeX manual or LaTeX Companion for explanation.
Type  H <return>  for immediate help.
 ...                                              
                                                  
l.36 \begin{spacing}{1
                      .3}
You're in trouble here.  Try typing  <return>  to proceed.
If that doesn't work, type  X <return>  to quit.

Missing character: There is no 1 in font nullfont!
Missing character: There is no . in font nullfont!
Missing character: There is no 3 in font nullfont!

! LaTeX Error: Environment arabtext undefined.

See the LaTeX manual or LaTeX Companion for explanation.
Type  H <return>  for immediate help.
 ...                                              
                                                  
l.37 \begin{arabtext}
                     
Your command was ignored.
Type  I <command> <return>  to replace it with another command,
or  <return>  to continue without it.


Overfull \hbox (20.0pt too wide) in paragraph at lines 36--38
[]
 []


! LaTeX Error: Missing \begin{document}.

See the LaTeX manual or LaTeX Companion for explanation.
Type  H <return>  for immediate help.
 ...                                              
                                                  
l.39 Ÿ
      ÅŸä ÿπÿßŸÑŸÖ ÿ™ÿ≠ŸÑŸäŸÑ ÿßŸÑÿ®ŸäÿßŸÜÿßÿ™ÿå ÿ™Ÿàÿ¨ÿØ ÿßŸÑÿπÿØŸäÿØ ŸÖŸÜ ...

You're in trouble here.  Try typing  <return>  to proceed.
If that doesn't work, type  X <return>  to quit.

Missing character: There is no Ÿ in font nullfont!
Missing character: There is no Å in font nullfont!
Missing character: There is no Ÿ in font nullfont!
Missing character: There is no ä in font nullfont!
Missing character: There is no ÿ in font nullfont!
Missing character: There is no π in font nullfont!
Missing character: There is no ÿ in font nullfont!
Missing character: There is no ß in font nullfont!
Missing character: There is no Ÿ in font nullfont!
Missing character: There is no Ñ in font nullfont!
Missing character: There is no Ÿ in font nullfont!
Missing character: There is no Ö in font nullfont!
Missing character: There is no ÿ in font nullfont!
Missing character: There is no ™ in font nullfont!
Missing character: There is no ÿ in font nullfont!
Missing character: There is no ≠ in font nullfont!
Missing character: There is no Ÿ in font nullfont!
Missing character: There is no Ñ in font nullfont!
Missing character: There is no Ÿ in font nullfont!
Missing character: There is no ä in font nullfont!
Missing character: There is no Ÿ in font nullfont!
Missing character: There is no Ñ in font nullfont!
Missing character: There is no ÿ in font nullfont!
Missing character: There is no ß in font nullfont!
Missing character: There is no Ÿ in font nullfont!
Missing character: There is no Ñ in font nullfont!
Missing character: There is no ÿ in font nullfont!
Missing character: There is no ® in font nullfont!
Missing character: There is no Ÿ in font nullfont!
Missing character: There is no ä in font nullfont!
Missing character: There is no ÿ in font nullfont!
Missing character: There is no ß in font nullfont!
Missing character: There is no Ÿ in font nullfont!
Missing character: There is no Ü in font nullfont!
Missing character: There is no ÿ in font nullfont!
Missing character: There is no ß in font nullfont!
Missing character: There is no ÿ in font nullfont!
Missing character: There is no ™ in font nullfont!
Missing character: There is no ÿ in font nullfont!
Missing character: There is no å in font nullfont!
Missing character: There is no ÿ in font nullfont!
Missing character: There is no ™ in font nullfont!
Missing character: There is no Ÿ in font nullfont!
Missing character: There is no à in font nullfont!
Missing character: There is no ÿ in font nullfont!
Missing character: There is no ¨ in font nullfont!
Missing character: There is no ÿ in font nullfont!
Missing character: There is no Ø in font nullfont!
Missing character: There is no ÿ in font nullfont!
Missing character: There is no ß in font nullfont!
Missing character: There is no Ÿ in font nullfont!
Missing character: There is no Ñ in font nullfont!
Missing character: There is no ÿ in font nullfont!
Missing character: There is no π in font nullfont!
Missing character: There is no ÿ in font nullfont!
Missing character: There is no Ø in font nullfont!
Missing character: There is no Ÿ in font nullfont!
Missing character: There is no ä in font nullfont!
Missing character: There is no ÿ in font nullfont!
Missing character: There is no Ø in font nullfont!
Missing character: There is no Ÿ in font nullfont!
Missing character: There is no Ö in font nullfont!
Missing character: There is no Ÿ in font nullfont!
Missing character: There is no Ü in font nullfont!
Missing character: There is no ÿ in font nullfont!
Missing character: There is no ß in font nullfont!
Missing character: There is no Ÿ in font nullfont!
Missing character: There is no Ñ in font nullfont!
Missing character: There is no Ÿ in font nullfont!
Missing character: There is no Ö in font nullfont!
Missing character: There is no Ÿ in font nullfont!
Missing character: There is no ä in font nullfont!
Missing character: There is no ÿ in font nullfont!
Missing character: There is no ≤ in font nullfont!
Missing character: There is no ÿ in font nullfont!
Missing character: There is no ß in font nullfont!
Missing character: There is no ÿ in font nullfont!
Missing character: There is no ™ in font nullfont!
Missing character: There is no ÿ in font nullfont!
Missing character: There is no ß in font nullfont!
Missing character: There is no Ÿ in font nullfont!
Missing character: There is no Ñ in font nullfont!
Missing character: There is no Ÿ in font nullfont!
Missing character: There is no Ö in font nullfont!
Missing character: There is no Ÿ in font nullfont!
Missing character: There is no Ç in font nullfont!
Missing character: There is no ÿ in font nullfont!
Missing character: There is no ™ in font nullfont!
Missing character: There is no ÿ in font nullfont!
Missing character: There is no ± in font nullfont!
Missing character: There is no ÿ in font nullfont!
Missing character: There is no ≠ in font nullfont!
Missing character: There is no ÿ in font nullfont!
Missing character: There is no © in font nullfont!
Missing character: There is no Ÿ in font nullfont!
Missing character: There is no Ñ in font nullfont!
Missing character: There is no ÿ in font nullfont!
Missing character: There is no ™ in font nullfont!
Missing character: There is no ÿ in font nullfont!
Missing character: There is no ≠ in font nullfont!
Missing character: There is no Ÿ in font nullfont!
Missing character: There is no Ñ in font nullfont!
Missing character: There is no Ÿ in font nullfont!
Missing character: There is no ä in font nullfont!
Missing character: There is no Ÿ in font nullfont!
Missing character: There is no Ñ in font nullfont!
Missing character: There is no ÿ in font nullfont!
Missing character: There is no ß in font nullfont!
Missing character: There is no Ÿ in font nullfont!
Missing character: There is no Ñ in font nullfont!
Missing character: There is no ÿ in font nullfont!
Missing character: There is no ® in font nullfont!
Missing character: There is no Ÿ in font nullfont!
Missing character: There is no ä in font nullfont!
Missing character: There is no ÿ in font nullfont!
Missing character: There is no ß in font nullfont!
Missing character: There is no Ÿ in font nullfont!
Missing character: There is no Ü in font nullfont!
Missing character: There is no ÿ in font nullfont!
Missing character: There is no ß in font nullfont!
Missing character: There is no ÿ in font nullfont!
Missing character: There is no ™ in font nullfont!
Missing character: There is no ÿ in font nullfont!
Missing character: There is no π in font nullfont!
Missing character: There is no Ÿ in font nullfont!
Missing character: There is no Ñ in font nullfont!
Missing character: There is no Ÿ in font nullfont!
Missing character: There is no â in font nullfont!
Missing character: There is no Ÿ in font nullfont!
Missing character: There is no Ü in font nullfont!
Missing character: There is no ÿ in font nullfont!
Missing character: There is no ∑ in font nullfont!
Missing character: There is no ÿ in font nullfont!
Missing character: There is no ß in font nullfont!
Missing character: There is no Ÿ in font nullfont!
Missing character: There is no Ç in font nullfont!
Missing character: There is no Ÿ in font nullfont!
Missing character: There is no à in font nullfont!
Missing character: There is no ÿ in font nullfont!
Missing character: There is no ß in font nullfont!
Missing character: There is no ÿ in font nullfont!
Missing character: There is no ≥ in font nullfont!
Missing character: There is no ÿ in font nullfont!
Missing character: There is no π in font nullfont!
Missing character: There is no Ÿ in font nullfont!
Missing character: There is no Å in font nullfont!
Missing character: There is no Ÿ in font nullfont!
Missing character: There is no ä in font nullfont!
Missing character: There is no ÿ in font nullfont!
Missing character: There is no π in font nullfont!
Missing character: There is no Ÿ in font nullfont!
Missing character: There is no Ö in font nullfont!
Missing character: There is no Ÿ in font nullfont!
Missing character: There is no Ñ in font nullfont!
Missing character: There is no Ÿ in font nullfont!
Missing character: There is no ä in font nullfont!
Missing character: There is no ÿ in font nullfont!
Missing character: There is no ß in font nullfont!
Missing character: There is no ÿ in font nullfont!
Missing character: There is no ™ in font nullfont!
Missing character: There is no ÿ in font nullfont!
Missing character: There is no ≥ in font nullfont!
Missing character: There is no ÿ in font nullfont!
Missing character: There is no ± in font nullfont!
Missing character: There is no Ÿ in font nullfont!
Missing character: There is no ä in font nullfont!
Missing character: There is no ÿ in font nullfont!
Missing character: There is no π in font nullfont!
Missing character: There is no ÿ in font nullfont!
Missing character: There is no © in font nullfont!
Missing character: There is no ÿ in font nullfont!
Missing character: There is no å in font nullfont!
Missing character: There is no Ÿ in font nullfont!
Missing character: There is no Ö in font nullfont!
Missing character: There is no ÿ in font nullfont!
Missing character: There is no § in font nullfont!
Missing character: There is no Ÿ in font nullfont!
Missing character: There is no É in font nullfont!
Missing character: There is no ÿ in font nullfont!
Missing character: There is no Ø in font nullfont!
Missing character: There is no ÿ in font nullfont!
Missing character: There is no © in font nullfont!
Missing character: There is no Ÿ in font nullfont!
Missing character: There is no à in font nullfont!
Missing character: There is no ÿ in font nullfont!
Missing character: There is no ∞ in font nullfont!
Missing character: There is no Ÿ in font nullfont!
Missing character: There is no É in font nullfont!
Missing character: There is no Ÿ in font nullfont!
Missing character: There is no ä in font nullfont!
Missing character: There is no ÿ in font nullfont!
Missing character: There is no © in font nullfont!
Missing character: There is no . in font nullfont!
Missing character: There is no Ÿ in font nullfont!
Missing character: There is no ä in font nullfont!
Missing character: There is no ÿ in font nullfont!
Missing character: There is no ≥ in font nullfont!
Missing character: There is no Ÿ in font nullfont!
Missing character: There is no Ö in font nullfont!
Missing character: There is no Ÿ in font nullfont!
Missing character: There is no â in font nullfont!
Missing character: There is no Ÿ in font nullfont!
Missing character: There is no á in font nullfont!
Missing character: There is no ÿ in font nullfont!
Missing character: There is no ∞ in font nullfont!
Missing character: There is no ÿ in font nullfont!
Missing character: There is no ß in font nullfont!
Missing character: There is no ÿ in font nullfont!
Missing character: There is no ß in font nullfont!
Missing character: There is no Ÿ in font nullfont!
Missing character: There is no Ñ in font nullfont!
Missing character: There is no Ÿ in font nullfont!
Missing character: There is no Ö in font nullfont!
Missing character: There is no ÿ in font nullfont!
Missing character: There is no ¨ in font nullfont!
Missing character: There is no ÿ in font nullfont!
Missing character: There is no ß in font nullfont!
Missing character: There is no Ÿ in font nullfont!
Missing character: There is no Ñ in font nullfont!
Missing character: There is no ÿ in font nullfont!
Missing character: There is no ≠ in font nullfont!
Missing character: There is no Ÿ in font nullfont!
Missing character: There is no à in font nullfont!
Missing character: There is no ÿ in font nullfont!
Missing character: There is no ≥ in font nullfont!
Missing character: There is no ÿ in font nullfont!
Missing character: There is no ® in font nullfont!
Missing character: There is no ÿ in font nullfont!
Missing character: There is no © in font nullfont!
Missing character: There is no ÿ in font nullfont!
Missing character: There is no ß in font nullfont!
Missing character: There is no Ÿ in font nullfont!
Missing character: There is no Ñ in font nullfont!
Missing character: There is no ÿ in font nullfont!
Missing character: There is no ® in font nullfont!
Missing character: There is no Ÿ in font nullfont!
Missing character: There is no ä in font nullfont!
Missing character: There is no ÿ in font nullfont!
Missing character: There is no ß in font nullfont!
Missing character: There is no Ÿ in font nullfont!
Missing character: There is no Ü in font nullfont!
Missing character: There is no ÿ in font nullfont!
Missing character: There is no ß in font nullfont!
Missing character: There is no ÿ in font nullfont!
Missing character: There is no ™ in font nullfont!
Missing character: There is no ÿ in font nullfont!
Missing character: There is no ß in font nullfont!
Missing character: There is no Ÿ in font nullfont!
Missing character: There is no Ñ in font nullfont!
Missing character: There is no ÿ in font nullfont!
Missing character: There is no ∂ in font nullfont!
Missing character: There is no ÿ in font nullfont!
Missing character: There is no Æ in font nullfont!
Missing character: There is no Ÿ in font nullfont!
Missing character: There is no Ö in font nullfont!
Missing character: There is no ÿ in font nullfont!
Missing character: There is no © in font nullfont!
Missing character: There is no . in font nullfont!
Missing character: There is no Ÿ in font nullfont!
Missing character: There is no Å in font nullfont!
Missing character: There is no Ÿ in font nullfont!
Missing character: There is no ä in font nullfont!
Missing character: There is no Ÿ in font nullfont!
Missing character: There is no Ö in font nullfont!
Missing character: There is no ÿ in font nullfont!
Missing character: There is no ¥ in font nullfont!
Missing character: There is no ÿ in font nullfont!
Missing character: There is no ± in font nullfont!
Missing character: There is no Ÿ in font nullfont!
Missing character: There is no à in font nullfont!
Missing character: There is no ÿ in font nullfont!
Missing character: There is no π in font nullfont!
Missing character: There is no ÿ in font nullfont!
Missing character: There is no ß in font nullfont!
Missing character: There is no Ÿ in font nullfont!
Missing character: There is no Ñ in font nullfont!
Missing character: There is no ÿ in font nullfont!
Missing character: There is no ™ in font nullfont!
Missing character: There is no ÿ in font nullfont!
Missing character: There is no Æ in font nullfont!
Missing character: There is no ÿ in font nullfont!
Missing character: There is no ± in font nullfont!
Missing character: There is no ÿ in font nullfont!
Missing character: There is no ¨ in font nullfont!
Missing character: There is no Ÿ in font nullfont!
Missing character: There is no á in font nullfont!
Missing character: There is no ÿ in font nullfont!
Missing character: There is no ∞ in font nullfont!
Missing character: There is no ÿ in font nullfont!
Missing character: There is no ß in font nullfont!
Missing character: There is no ÿ in font nullfont!
Missing character: There is no å in font nullfont!
Missing character: There is no Ÿ in font nullfont!
Missing character: There is no Ü in font nullfont!
Missing character: There is no Ÿ in font nullfont!
Missing character: There is no Ç in font nullfont!
Missing character: There is no ÿ in font nullfont!
Missing character: There is no ™ in font nullfont!
Missing character: There is no ÿ in font nullfont!
Missing character: There is no ± in font nullfont!
Missing character: There is no ÿ in font nullfont!
Missing character: There is no ≠ in font nullfont!
Missing character: There is no ÿ in font nullfont!
Missing character: There is no • in font nullfont!
Missing character: There is no ÿ in font nullfont!
Missing character: There is no Ø in font nullfont!
Missing character: There is no ÿ in font nullfont!
Missing character: There is no ß in font nullfont!
Missing character: There is no ÿ in font nullfont!
Missing character: There is no ± in font nullfont!
Missing character: There is no ÿ in font nullfont!
Missing character: There is no © in font nullfont!
Missing character: There is no ÿ in font nullfont!
Missing character: There is no ß in font nullfont!
Missing character: There is no Ÿ in font nullfont!
Missing character: There is no Ñ in font nullfont!
Missing character: There is no ÿ in font nullfont!
Missing character: There is no ® in font nullfont!
Missing character: There is no Ÿ in font nullfont!
Missing character: There is no ä in font nullfont!
Missing character: There is no ÿ in font nullfont!
Missing character: There is no ß in font nullfont!
Missing character: There is no Ÿ in font nullfont!
Missing character: There is no Ü in font nullfont!
Missing character: There is no ÿ in font nullfont!
Missing character: There is no ß in font nullfont!
Missing character: There is no ÿ in font nullfont!
Missing character: There is no ™ in font nullfont!
Missing character: There is no ÿ in font nullfont!
Missing character: There is no ß in font nullfont!
Missing character: There is no Ÿ in font nullfont!
Missing character: There is no Ñ in font nullfont!
Missing character: There is no Ÿ in font nullfont!
Missing character: There is no É in font nullfont!
Missing character: There is no ÿ in font nullfont!
Missing character: There is no ® in font nullfont!
Missing character: There is no Ÿ in font nullfont!
Missing character: There is no ä in font nullfont!
Missing character: There is no ÿ in font nullfont!
Missing character: There is no ± in font nullfont!
Missing character: There is no ÿ in font nullfont!
Missing character: There is no © in font nullfont!
Missing character: There is no Ÿ in font nullfont!
Missing character: There is no Ñ in font nullfont!
Missing character: There is no ÿ in font nullfont!
Missing character: There is no ™ in font nullfont!
Missing character: There is no ÿ in font nullfont!
Missing character: There is no ∑ in font nullfont!
Missing character: There is no ÿ in font nullfont!
Missing character: There is no ® in font nullfont!
Missing character: There is no Ÿ in font nullfont!
Missing character: There is no ä in font nullfont!
Missing character: There is no Ÿ in font nullfont!
Missing character: There is no Ç in font nullfont!
Missing character: There is no ÿ in font nullfont!
Missing character: There is no ß in font nullfont!
Missing character: There is no Ÿ in font nullfont!
Missing character: There is no Ñ in font nullfont!
Missing character: There is no ÿ in font nullfont!
Missing character: There is no ∞ in font nullfont!
Missing character: There is no Ÿ in font nullfont!
Missing character: There is no É in font nullfont!
Missing character: There is no ÿ in font nullfont!
Missing character: There is no ß in font nullfont!
Missing character: There is no ÿ in font nullfont!
Missing character: There is no ° in font nullfont!
Missing character: There is no ÿ in font nullfont!
Missing character: There is no ß in font nullfont!
Missing character: There is no Ÿ in font nullfont!
Missing character: There is no Ñ in font nullfont!
Missing character: There is no ÿ in font nullfont!
Missing character: There is no ™ in font nullfont!
Missing character: There is no ÿ in font nullfont!
Missing character: There is no µ in font nullfont!
Missing character: There is no Ÿ in font nullfont!
Missing character: There is no Ü in font nullfont!
Missing character: There is no Ÿ in font nullfont!
Missing character: There is no ä in font nullfont!
Missing character: There is no ÿ in font nullfont!
Missing character: There is no π in font nullfont!
Missing character: There is no ÿ in font nullfont!
Missing character: There is no ß in font nullfont!
Missing character: There is no Ÿ in font nullfont!
Missing character: There is no Ñ in font nullfont!
Missing character: There is no ÿ in font nullfont!
Missing character: There is no ™ in font nullfont!
Missing character: There is no Ÿ in font nullfont!
Missing character: There is no ä in font nullfont!
Missing character: There is no ÿ in font nullfont!
Missing character: There is no ™ in font nullfont!
Missing character: There is no ÿ in font nullfont!
Missing character: There is no ≠ in font nullfont!
Missing character: There is no Ÿ in font nullfont!
Missing character: There is no Ñ in font nullfont!
Missing character: There is no Ÿ in font nullfont!
Missing character: There is no Ñ in font nullfont!
Missing character: There is no ÿ in font nullfont!
Missing character: There is no ß in font nullfont!
Missing character: There is no Ÿ in font nullfont!
Missing character: There is no Ñ in font nullfont!
Missing character: There is no ÿ in font nullfont!
Missing character: There is no ® in font nullfont!
Missing character: There is no Ÿ in font nullfont!
Missing character: There is no ä in font nullfont!
Missing character: There is no ÿ in font nullfont!
Missing character: There is no ß in font nullfont!
Missing character: There is no Ÿ in font nullfont!
Missing character: There is no Ü in font nullfont!
Missing character: There is no ÿ in font nullfont!
Missing character: There is no ß in font nullfont!
Missing character: There is no ÿ in font nullfont!
Missing character: There is no ™ in font nullfont!
Missing character: There is no ÿ in font nullfont!
Missing character: There is no π in font nullfont!
Missing character: There is no Ÿ in font nullfont!
Missing character: There is no Ñ in font nullfont!
Missing character: There is no Ÿ in font nullfont!
Missing character: There is no â in font nullfont!
Missing character: There is no Ÿ in font nullfont!
Missing character: There is no Ü in font nullfont!
Missing character: There is no ÿ in font nullfont!
Missing character: There is no ∑ in font nullfont!
Missing character: There is no ÿ in font nullfont!
Missing character: There is no ß in font nullfont!
Missing character: There is no Ÿ in font nullfont!
Missing character: There is no Ç in font nullfont!
Missing character: There is no Ÿ in font nullfont!
Missing character: There is no É in font nullfont!
Missing character: There is no ÿ in font nullfont!
Missing character: There is no ® in font nullfont!
Missing character: There is no Ÿ in font nullfont!
Missing character: There is no ä in font nullfont!
Missing character: There is no ÿ in font nullfont!
Missing character: There is no ± in font nullfont!
Missing character: There is no Ÿ in font nullfont!
Missing character: There is no Ö in font nullfont!
Missing character: There is no ÿ in font nullfont!
Missing character: There is no π in font nullfont!
Missing character: There is no ÿ in font nullfont!
Missing character: There is no ß in font nullfont!
Missing character: There is no Ÿ in font nullfont!
Missing character: There is no Ñ in font nullfont!
Missing character: There is no Ÿ in font nullfont!
Missing character: There is no Ö in font nullfont!
Missing character: There is no Ÿ in font nullfont!
Missing character: There is no ä in font nullfont!
Missing character: There is no ÿ in font nullfont!
Missing character: There is no ≤ in font nullfont!
Missing character: There is no ÿ in font nullfont!
Missing character: There is no ß in font nullfont!
Missing character: There is no ÿ in font nullfont!
Missing character: There is no ™ in font nullfont!
Missing character: There is no Ÿ in font nullfont!
Missing character: There is no à in font nullfont!
Missing character: There is no Ÿ in font nullfont!
Missing character: There is no à in font nullfont!
Missing character: There is no ÿ in font nullfont!
Missing character: There is no ∏ in font nullfont!
Missing character: There is no ÿ in font nullfont!
Missing character: There is no ß in font nullfont!
Missing character: There is no ÿ in font nullfont!
Missing character: There is no ¶ in font nullfont!
Missing character: There is no Ÿ in font nullfont!
Missing character: There is no Å in font nullfont!
Missing character: There is no ÿ in font nullfont!
Missing character: There is no ß in font nullfont!
Missing character: There is no Ÿ in font nullfont!
Missing character: There is no Ñ in font nullfont!
Missing character: There is no ÿ in font nullfont!
Missing character: There is no £ in font nullfont!
Missing character: There is no ÿ in font nullfont!
Missing character: There is no Ø in font nullfont!
Missing character: There is no ÿ in font nullfont!
Missing character: There is no ß in font nullfont!
Missing character: There is no ÿ in font nullfont!
Missing character: There is no ° in font nullfont!
Missing character: There is no ÿ in font nullfont!
Missing character: There is no ® in font nullfont!
Missing character: There is no ÿ in font nullfont!
Missing character: There is no ß in font nullfont!
Missing character: There is no ÿ in font nullfont!
Missing character: There is no ≥ in font nullfont!
Missing character: There is no ÿ in font nullfont!
Missing character: There is no ™ in font nullfont!
Missing character: There is no ÿ in font nullfont!
Missing character: There is no Æ in font nullfont!
Missing character: There is no ÿ in font nullfont!
Missing character: There is no Ø in font nullfont!
Missing character: There is no ÿ in font nullfont!
Missing character: There is no ß in font nullfont!
Missing character: There is no Ÿ in font nullfont!
Missing character: There is no Ö in font nullfont!
Missing character: There is no ÿ in font nullfont!
Missing character: There is no £ in font nullfont!
Missing character: There is no Ÿ in font nullfont!
Missing character: There is no Å in font nullfont!
Missing character: There is no ÿ in font nullfont!
Missing character: There is no ∂ in font nullfont!
Missing character: There is no Ÿ in font nullfont!
Missing character: There is no Ñ in font nullfont!
Missing character: There is no ÿ in font nullfont!
Missing character: There is no ß in font nullfont!
Missing character: There is no Ÿ in font nullfont!
Missing character: There is no Ñ in font nullfont!
Missing character: There is no ÿ in font nullfont!
Missing character: There is no Æ in font nullfont!
Missing character: There is no Ÿ in font nullfont!
Missing character: There is no à in font nullfont!
Missing character: There is no ÿ in font nullfont!
Missing character: There is no ß in font nullfont!
Missing character: There is no ÿ in font nullfont!
Missing character: There is no ± in font nullfont!
Missing character: There is no ÿ in font nullfont!
Missing character: There is no ≤ in font nullfont!
Missing character: There is no Ÿ in font nullfont!
Missing character: There is no Ö in font nullfont!
Missing character: There is no Ÿ in font nullfont!
Missing character: There is no ä in font nullfont!
Missing character: There is no ÿ in font nullfont!
Missing character: There is no ß in font nullfont!
Missing character: There is no ÿ in font nullfont!
Missing character: There is no ™ in font nullfont!
Missing character: There is no Ÿ in font nullfont!
Missing character: There is no à in font nullfont!
Missing character: There is no ÿ in font nullfont!
Missing character: There is no ß in font nullfont!
Missing character: There is no Ÿ in font nullfont!
Missing character: There is no Ñ in font nullfont!
Missing character: There is no ÿ in font nullfont!
Missing character: There is no £ in font nullfont!
Missing character: There is no ÿ in font nullfont!
Missing character: There is no Ø in font nullfont!
Missing character: There is no Ÿ in font nullfont!
Missing character: There is no à in font nullfont!
Missing character: There is no ÿ in font nullfont!
Missing character: There is no ß in font nullfont!
Missing character: There is no ÿ in font nullfont!
Missing character: There is no ™ in font nullfont!
Missing character: There is no ÿ in font nullfont!
Missing character: There is no å in font nullfont!
Missing character: There is no Ÿ in font nullfont!
Missing character: There is no Ö in font nullfont!
Missing character: There is no Ÿ in font nullfont!
Missing character: There is no à in font nullfont!
Missing character: There is no Ÿ in font nullfont!
Missing character: There is no Å in font nullfont!
Missing character: There is no Ÿ in font nullfont!
Missing character: There is no ë in font nullfont!
Missing character: There is no ÿ in font nullfont!
Missing character: There is no ± in font nullfont!
Missing character: There is no ÿ in font nullfont!
Missing character: There is no © in font nullfont!
Missing character: There is no Ÿ in font nullfont!
Missing character: There is no Ü in font nullfont!
Missing character: There is no ÿ in font nullfont!
Missing character: There is no ™ in font nullfont!
Missing character: There is no ÿ in font nullfont!
Missing character: There is no ß in font nullfont!
Missing character: There is no ÿ in font nullfont!
Missing character: There is no ¶ in font nullfont!
Missing character: There is no ÿ in font nullfont!
Missing character: There is no ¨ in font nullfont!
Missing character: There is no Ÿ in font nullfont!
Missing character: There is no Ö in font nullfont!
Missing character: There is no ÿ in font nullfont!
Missing character: There is no ± in font nullfont!
Missing character: There is no ÿ in font nullfont!
Missing character: There is no ∂ in font nullfont!
Missing character: There is no Ÿ in font nullfont!
Missing character: There is no ä in font nullfont!
Missing character: There is no ÿ in font nullfont!
Missing character: There is no © in font nullfont!
Missing character: There is no . in font nullfont!
Missing character: There is no Ÿ in font cmbx10!
Missing character: There is no É in font cmbx10!
Missing character: There is no Ÿ in font cmbx10!
Missing character: There is no Ñ in font cmbx10!
Missing character: There is no Ÿ in font cmbx10!
Missing character: There is no Ö in font cmbx10!
Missing character: There is no ÿ in font cmbx10!
Missing character: There is no ß in font cmbx10!
Missing character: There is no ÿ in font cmbx10!
Missing character: There is no ™ in font cmbx10!
Missing character: There is no Ÿ in font cmbx10!
Missing character: There is no Ö in font cmbx10!
Missing character: There is no Ÿ in font cmbx10!
Missing character: There is no Å in font cmbx10!
Missing character: There is no ÿ in font cmbx10!
Missing character: There is no ß in font cmbx10!
Missing character: There is no ÿ in font cmbx10!
Missing character: There is no ™ in font cmbx10!
Missing character: There is no Ÿ in font cmbx10!
Missing character: There is no ä in font cmbx10!
Missing character: There is no ÿ in font cmbx10!
Missing character: There is no ≠ in font cmbx10!
Missing character: There is no ÿ in font cmbx10!
Missing character: There is no ß in font cmbx10!
Missing character: There is no Ÿ in font cmbx10!
Missing character: There is no Ñ in font cmbx10!
Missing character: There is no ÿ in font cmbx10!
Missing character: There is no ® in font cmbx10!
Missing character: There is no Ÿ in font cmbx10!
Missing character: There is no ä in font cmbx10!
Missing character: There is no ÿ in font cmbx10!
Missing character: There is no ß in font cmbx10!
Missing character: There is no Ÿ in font cmbx10!
Missing character: There is no Ü in font cmbx10!
Missing character: There is no ÿ in font cmbx10!
Missing character: There is no ß in font cmbx10!
Missing character: There is no ÿ in font cmbx10!
Missing character: There is no ™ in font cmbx10!
Missing character: There is no ÿ in font cmbx10!
Missing character: There is no ß in font cmbx10!
Missing character: There is no Ÿ in font cmbx10!
Missing character: There is no Ñ in font cmbx10!
Missing character: There is no ÿ in font cmbx10!
Missing character: There is no ∂ in font cmbx10!
Missing character: There is no ÿ in font cmbx10!
Missing character: There is no Æ in font cmbx10!
Missing character: There is no Ÿ in font cmbx10!
Missing character: There is no Ö in font cmbx10!
Missing character: There is no ÿ in font cmbx10!
Missing character: There is no © in font cmbx10!
Missing character: There is no ÿ in font cmbx10!
Missing character: There is no å in font cmbx10!
Missing character: There is no ÿ in font cmbx10!
Missing character: There is no ≥ in font cmbx10!
Missing character: There is no ÿ in font cmbx10!
Missing character: There is no ® in font cmbx10!
Missing character: There is no ÿ in font cmbx10!
Missing character: There is no ß in font cmbx10!
Missing character: There is no ÿ in font cmbx10!
Missing character: There is no ± in font cmbx10!
Missing character: There is no Ÿ in font cmbx10!
Missing character: There is no É in font cmbx10!
Missing character: There is no ÿ in font cmbx10!
Missing character: There is no å in font cmbx10!
Missing character: There is no Ÿ in font cmbx10!
Missing character: There is no Ü in font cmbx10!
Missing character: There is no ÿ in font cmbx10!
Missing character: There is no ∏ in font cmbx10!
Missing character: There is no ÿ in font cmbx10!
Missing character: There is no ß in font cmbx10!
Missing character: There is no Ÿ in font cmbx10!
Missing character: There is no Ö in font cmbx10!
Missing character: There is no Ÿ in font cmbx10!
Missing character: There is no á in font cmbx10!
Missing character: There is no ÿ in font cmbx10!
Missing character: There is no ß in font cmbx10!
Missing character: There is no ÿ in font cmbx10!
Missing character: There is no Ø in font cmbx10!
Missing character: There is no Ÿ in font cmbx10!
Missing character: There is no à in font cmbx10!
Missing character: There is no ÿ in font cmbx10!
Missing character: There is no ® in font cmbx10!
Missing character: There is no Ÿ in font cmbx10!
Missing character: There is no Ñ in font cmbx10!
Missing character: There is no Ÿ in font cmbx10!
Missing character: There is no Ñ in font cmbx10!
Missing character: There is no ÿ in font cmbx10!
Missing character: There is no £ in font cmbx10!
Missing character: There is no Ÿ in font cmbx10!
Missing character: There is no Ü in font cmbx10!
Missing character: There is no ÿ in font cmbx10!
Missing character: There is no ∏ in font cmbx10!
Missing character: There is no Ÿ in font cmbx10!
Missing character: There is no Ö in font cmbx10!
Missing character: There is no ÿ in font cmbx10!
Missing character: There is no © in font cmbx10!
Missing character: There is no ÿ in font cmbx10!
Missing character: There is no ß in font cmbx10!
Missing character: There is no Ÿ in font cmbx10!
Missing character: There is no Ñ in font cmbx10!
Missing character: There is no Ÿ in font cmbx10!
Missing character: There is no Ö in font cmbx10!
Missing character: There is no Ÿ in font cmbx10!
Missing character: There is no à in font cmbx10!
Missing character: There is no ÿ in font cmbx10!
Missing character: There is no ≤ in font cmbx10!
Missing character: There is no ÿ in font cmbx10!
Missing character: There is no π in font cmbx10!
Missing character: There is no ÿ in font cmbx10!
Missing character: There is no © in font cmbx10!
Missing character: There is no ÿ in font cmbx10!
Missing character: There is no å in font cmbx10!
Missing character: There is no ÿ in font cmbx10!
Missing character: There is no ™ in font cmbx10!
Missing character: There is no ÿ in font cmbx10!
Missing character: There is no ≠ in font cmbx10!
Missing character: There is no Ÿ in font cmbx10!
Missing character: There is no Ñ in font cmbx10!
Missing character: There is no Ÿ in font cmbx10!
Missing character: There is no ä in font cmbx10!
Missing character: There is no Ÿ in font cmbx10!
Missing character: There is no Ñ in font cmbx10!
Missing character: There is no ÿ in font cmbx10!
Missing character: There is no ß in font cmbx10!
Missing character: There is no Ÿ in font cmbx10!
Missing character: There is no Ñ in font cmbx10!
Missing character: There is no ÿ in font cmbx10!
Missing character: There is no ® in font cmbx10!
Missing character: There is no Ÿ in font cmbx10!
Missing character: There is no ä in font cmbx10!
Missing character: There is no ÿ in font cmbx10!
Missing character: There is no ß in font cmbx10!
Missing character: There is no Ÿ in font cmbx10!
Missing character: There is no Ü in font cmbx10!
Missing character: There is no ÿ in font cmbx10!
Missing character: There is no ß in font cmbx10!
Missing character: There is no ÿ in font cmbx10!
Missing character: There is no ™ in font cmbx10!

! LaTeX Error: \begin{document} ended by \end{arabtext}.

See the LaTeX manual or LaTeX Companion for explanation.
Type  H <return>  for immediate help.
 ...                                              
                                                  
l.41 \end{arabtext}
                   
Your command was ignored.
Type  I <command> <return>  to replace it with another command,
or  <return>  to continue without it.


! LaTeX Error: \begin{document} ended by \end{spacing}.

See the LaTeX manual or LaTeX Companion for explanation.
Type  H <return>  for immediate help.
 ...                                              
                                                  
l.42 \end{spacing}
                  
Your command was ignored.
Type  I <command> <return>  to replace it with another command,
or  <return>  to continue without it.


Overfull \hbox (20.0pt too wide) in paragraph at lines 39--43
[]
 []


Overfull \hbox (3.19443pt too wide) in paragraph at lines 39--43
\OT1/cmr/bx/n/10 :
 []

)
! Emergency stop.
<*> ./abstract.tex
                  
*** (job aborted, no legal \end found)

 
Here is how much of TeX's memory you used:
 16 strings out of 493334
 181 string characters out of 3138391
 54242 words of memory out of 3000000
 3645 multiletter control sequences out of 15000+200000
 3948 words of font info for 15 fonts, out of 3000000 for 9000
 1141 hyphenation exceptions out of 8191
 13i,1n,10p,645b,85s stack positions out of 5000i,500n,10000p,200000b,50000s
!  ==> Fatal error occurred, no output PDF file produced!
