This is pdfTeX, Version 3.14159265-2.6-1.40.17 (MiKTeX 2.9) (preloaded format=pdflatex 2016.10.11)  7 MAR 2017 21:04
entering extended mode
**./dedication.tex
(dedication.tex
LaTeX2e <2016/03/31> patch level 3
Babel <3.9r> and hyphenation patterns for 75 language(s) loaded.
! Undefined control sequence.
l.1 \chapter
            *{}
The control sequence at the end of the top line
of your error message was never \def'ed. If you have
misspelled it (e.g., `\hobx'), type `I' and the correct
spelling (e.g., `I\hbox'). Otherwise just continue,
and I'll forget about whatever was undefined.


! LaTeX Error: Missing \begin{document}.

See the LaTeX manual or LaTeX Companion for explanation.
Type  H <return>  for immediate help.
 ...                                              
                                                  
l.1 \chapter*
             {}
You're in trouble here.  Try typing  <return>  to proceed.
If that doesn't work, type  X <return>  to quit.

Missing character: There is no * in font nullfont!

Overfull \hbox (20.0pt too wide) in paragraph at lines 1--2
[] 
 []


! LaTeX Error: \abstractnamefont undefined.

See the LaTeX manual or LaTeX Companion for explanation.
Type  H <return>  for immediate help.
 ...                                              
                                                  
l.3 \renewcommand{\abstractnamefont}
                                    {\normalfont\Large\bfseries}
Try typing  <return>  to proceed.
If that doesn't work, type  X <return>  to quit.


! LaTeX Error: Missing \begin{document}.

See the LaTeX manual or LaTeX Companion for explanation.
Type  H <return>  for immediate help.
 ...                                              
                                                  
l.7 \hskip
          7mm
You're in trouble here.  Try typing  <return>  to proceed.
If that doesn't work, type  X <return>  to quit.


Overfull \hbox (20.0pt too wide) in paragraph at lines 7--8
[] 
 []


! LaTeX Error: Missing \begin{document}.

See the LaTeX manual or LaTeX Companion for explanation.
Type  H <return>  for immediate help.
 ...                                              
                                                  
l.10 \begin{center}
                   
You're in trouble here.  Try typing  <return>  to proceed.
If that doesn't work, type  X <return>  to quit.


Overfull \hbox (20.0pt too wide) in paragraph at lines 10--10
[] 
 []

! Undefined control sequence.
l.11 \section
             *{\textit{Dedication}}
The control sequence at the end of the top line
of your error message was never \def'ed. If you have
misspelled it (e.g., `\hobx'), type `I' and the correct
spelling (e.g., `I\hbox'). Otherwise just continue,
and I'll forget about whatever was undefined.

Missing character: There is no * in font nullfont!
! Undefined control sequence.
l.12 \phantomsection
                    
The control sequence at the end of the top line
of your error message was never \def'ed. If you have
misspelled it (e.g., `\hobx'), type `I' and the correct
spelling (e.g., `I\hbox'). Otherwise just continue,
and I'll forget about whatever was undefined.


Overfull \hbox (46.90569pt too wide) in paragraph at lines 11--13
 \OT1/cmr/m/it/10 Dedication 
 []


Overfull \hbox (23.85553pt too wide) in paragraph at lines 15--20
[]\OT1/cmr/m/it/10 I
 []


Overfull \hbox (12.26657pt too wide) in paragraph at lines 15--20
\OT1/cmr/m/it/10 es-
 []


Overfull \hbox (12.77766pt too wide) in paragraph at lines 15--20
\OT1/cmr/m/it/10 pe-
 []


Overfull \hbox (23.2554pt too wide) in paragraph at lines 15--20
\OT1/cmr/m/it/10 cially
 []


Overfull \hbox (20.69987pt too wide) in paragraph at lines 15--20
\OT1/cmr/m/it/10 want
 []


Overfull \hbox (8.43327pt too wide) in paragraph at lines 15--20
\OT1/cmr/m/it/10 to
 []


Overfull \hbox (17.88875pt too wide) in paragraph at lines 15--20
\OT1/cmr/m/it/10 ded-
 []


Overfull \hbox (6.6444pt too wide) in paragraph at lines 15--20
\OT1/cmr/m/it/10 i-
 []


Overfull \hbox (17.12207pt too wide) in paragraph at lines 15--20
\OT1/cmr/m/it/10 cate
 []


Overfull \hbox (15.58879pt too wide) in paragraph at lines 15--20
\OT1/cmr/m/it/10 this
 []


Overfull \hbox (24.22067pt too wide) in paragraph at lines 15--20
\OT1/cmr/m/it/10 work: 
 []


Overfull \hbox (11.49992pt too wide) in paragraph at lines 15--20
\OT1/cmr/m/it/10 To
 []


Overfull \hbox (13.03325pt too wide) in paragraph at lines 15--20
\OT1/cmr/m/it/10 my
 []


Overfull \hbox (30.53868pt too wide) in paragraph at lines 15--20
\OT1/cmr/m/it/10 mother
 []


Overfull \hbox (16.86658pt too wide) in paragraph at lines 15--20
\OT1/cmr/m/it/10 who
 []


Overfull \hbox (19.42209pt too wide) in paragraph at lines 15--20
\OT1/cmr/m/it/10 have
 []


Overfull \hbox (11.24437pt too wide) in paragraph at lines 15--20
\OT1/cmr/m/it/10 al-
 []


Overfull \hbox (20.69987pt too wide) in paragraph at lines 15--20
\OT1/cmr/m/it/10 ways
 []


Overfull \hbox (21.4665pt too wide) in paragraph at lines 15--20
\OT1/cmr/m/it/10 loved
 []


Overfull \hbox (12.7777pt too wide) in paragraph at lines 15--20
\OT1/cmr/m/it/10 me
 []


Overfull \hbox (14.56657pt too wide) in paragraph at lines 15--20
\OT1/cmr/m/it/10 un-
 []


Overfull \hbox (18.39986pt too wide) in paragraph at lines 15--20
\OT1/cmr/m/it/10 con-
 []


Overfull \hbox (11.75548pt too wide) in paragraph at lines 15--20
\OT1/cmr/m/it/10 di-
 []


Overfull \hbox (20.69986pt too wide) in paragraph at lines 15--20
\OT1/cmr/m/it/10 tion-
 []


Overfull \hbox (15.58879pt too wide) in paragraph at lines 15--20
\OT1/cmr/m/it/10 ally
 []


Overfull \hbox (15.84436pt too wide) in paragraph at lines 15--20
\OT1/cmr/m/it/10 and
 []


Overfull \hbox (26.83315pt too wide) in paragraph at lines 15--20
\OT1/cmr/m/it/10 taught
 []


Overfull \hbox (12.7777pt too wide) in paragraph at lines 15--20
\OT1/cmr/m/it/10 me
 []


Overfull \hbox (8.43327pt too wide) in paragraph at lines 15--20
\OT1/cmr/m/it/10 to
 []


Overfull \hbox (20.57208pt too wide) in paragraph at lines 15--20
\OT1/cmr/m/it/10 work
 []


Overfull \hbox (19.03876pt too wide) in paragraph at lines 15--20
\OT1/cmr/m/it/10 hard
 []


Overfull \hbox (12.39436pt too wide) in paragraph at lines 15--20
\OT1/cmr/m/it/10 for
 []


Overfull \hbox (13.03323pt too wide) in paragraph at lines 15--20
\OT1/cmr/m/it/10 the
 []


Overfull \hbox (25.81094pt too wide) in paragraph at lines 15--20
\OT1/cmr/m/it/10 things
 []


Overfull \hbox (16.86655pt too wide) in paragraph at lines 15--20
\OT1/cmr/m/it/10 that
 []


Overfull \hbox (3.85553pt too wide) in paragraph at lines 15--20
\OT1/cmr/m/it/10 I
 []


Overfull \hbox (12.7777pt too wide) in paragraph at lines 15--20
\OT1/cmr/m/it/10 as-
 []


Overfull \hbox (16.4832pt too wide) in paragraph at lines 15--20
\OT1/cmr/m/it/10 pire
 []


Overfull \hbox (8.43327pt too wide) in paragraph at lines 15--20
\OT1/cmr/m/it/10 to
 []


Overfull \hbox (34.75531pt too wide) in paragraph at lines 15--20
\OT1/cmr/m/it/10 achieve. 
 []


Overfull \hbox (11.49992pt too wide) in paragraph at lines 15--20
\OT1/cmr/m/it/10 To
 []


Overfull \hbox (13.03325pt too wide) in paragraph at lines 15--20
\OT1/cmr/m/it/10 my
 []


Overfull \hbox (11.75548pt too wide) in paragraph at lines 15--20
\OT1/cmr/m/it/10 fa-
 []


Overfull \hbox (17.24986pt too wide) in paragraph at lines 15--20
\OT1/cmr/m/it/10 ther
 []


Overfull \hbox (16.86658pt too wide) in paragraph at lines 15--20
\OT1/cmr/m/it/10 who
 []


Overfull \hbox (18.14433pt too wide) in paragraph at lines 15--20
\OT1/cmr/m/it/10 sup-
 []


Overfull \hbox (26.44978pt too wide) in paragraph at lines 15--20
\OT1/cmr/m/it/10 ported
 []


Overfull \hbox (12.7777pt too wide) in paragraph at lines 15--20
\OT1/cmr/m/it/10 me
 []


Overfull \hbox (8.68884pt too wide) in paragraph at lines 15--20
\OT1/cmr/m/it/10 in
 []


Overfull \hbox (13.03323pt too wide) in paragraph at lines 15--20
\OT1/cmr/m/it/10 the
 []


Overfull \hbox (14.82213pt too wide) in paragraph at lines 15--20
\OT1/cmr/m/it/10 dif-
 []


Overfull \hbox (9.19994pt too wide) in paragraph at lines 15--20
\OT1/cmr/m/it/10 fi-
 []


Overfull \hbox (15.84433pt too wide) in paragraph at lines 15--20
\OT1/cmr/m/it/10 cult
 []


Overfull \hbox (14.05545pt too wide) in paragraph at lines 15--20
\OT1/cmr/m/it/10 sit-
 []


Overfull \hbox (8.94438pt too wide) in paragraph at lines 15--20
\OT1/cmr/m/it/10 u-
 []


Overfull \hbox (8.68883pt too wide) in paragraph at lines 15--20
\OT1/cmr/m/it/10 a-
 []


Overfull \hbox (17.88925pt too wide) in paragraph at lines 15--20
\OT1/cmr/m/it/10 tion 
 []


Overfull \hbox (11.49992pt too wide) in paragraph at lines 15--20
\OT1/cmr/m/it/10 To
 []


Overfull \hbox (10.73328pt too wide) in paragraph at lines 15--20
\OT1/cmr/m/it/10 all
 []


Overfull \hbox (13.03325pt too wide) in paragraph at lines 15--20
\OT1/cmr/m/it/10 my
 []


Overfull \hbox (19.93321pt too wide) in paragraph at lines 15--20
\OT1/cmr/m/it/10 fam-
 []


Overfull \hbox (10.4777pt too wide) in paragraph at lines 15--20
\OT1/cmr/m/it/10 ily
 []


Overfull \hbox (11.49992pt too wide) in paragraph at lines 15--20
\OT1/cmr/m/it/10 To
 []


Overfull \hbox (10.73328pt too wide) in paragraph at lines 15--20
\OT1/cmr/m/it/10 all
 []


Overfull \hbox (13.03325pt too wide) in paragraph at lines 15--20
\OT1/cmr/m/it/10 my
 []


Overfull \hbox (25.68317pt too wide) in paragraph at lines 15--20
\OT1/cmr/m/it/10 friend
 []


Overfull \hbox (16.86658pt too wide) in paragraph at lines 15--20
\OT1/cmr/m/it/10 who
 []


Overfull \hbox (26.06647pt too wide) in paragraph at lines 15--20
\OT1/cmr/m/it/10 helped
 []


Overfull \hbox (12.7777pt too wide) in paragraph at lines 15--20
\OT1/cmr/m/it/10 me
 []


Overfull \hbox (22.61647pt too wide) in paragraph at lines 15--20
\OT1/cmr/m/it/10 reach
 []


Overfull \hbox (15.58879pt too wide) in paragraph at lines 15--20
\OT1/cmr/m/it/10 this
 []


Overfull \hbox (35.2664pt too wide) in paragraph at lines 15--20
\OT1/cmr/m/it/10 achieve-
 []


Overfull \hbox (22.67068pt too wide) in paragraph at lines 15--20
\OT1/cmr/m/it/10 ment 
 []

)
! Emergency stop.
<*> ./dedication.tex
                    
*** (job aborted, no legal \end found)

 
Here is how much of TeX's memory you used:
 11 strings out of 493334
 148 string characters out of 3138391
 55242 words of memory out of 3000000
 3640 multiletter control sequences out of 15000+200000
 3986 words of font info for 15 fonts, out of 3000000 for 9000
 1141 hyphenation exceptions out of 8191
 13i,1n,10p,174b,112s stack positions out of 5000i,500n,10000p,200000b,50000s
!  ==> Fatal error occurred, no output PDF file produced!
