This is pdfTeX, Version 3.14159265-2.6-1.40.17 (MiKTeX 2.9) (preloaded format=pdflatex 2016.10.11)  8 JUN 2017 10:37
entering extended mode
**./main.tex
(main.tex
LaTeX2e <2016/03/31> patch level 3
Babel <3.9r> and hyphenation patterns for 75 language(s) loaded.
("C:\Program Files (x86)\MIKTEX\tex\latex\base\report.cls"
Document Class: report 2014/09/29 v1.4h Standard LaTeX document class
("C:\Program Files (x86)\MIKTEX\tex\latex\base\size10.clo"
File: size10.clo 2014/09/29 v1.4h Standard LaTeX file (size option)
)
\c@part=\count79
\c@chapter=\count80
\c@section=\count81
\c@subsection=\count82
\c@subsubsection=\count83
\c@paragraph=\count84
\c@subparagraph=\count85
\c@figure=\count86
\c@table=\count87
\abovecaptionskip=\skip41
\belowcaptionskip=\skip42
\bibindent=\dimen102
)
("C:\Program Files (x86)\MIKTEX\tex\generic\babel\babel.sty"
Package: babel 2016/04/23 3.9r The Babel package

*************************************
* Local config file bblopts.cfg used
*
("C:\Program Files (x86)\MIKTEX\tex\latex\arabi\bblopts.cfg"
File: bblopts.cfg 2005/09/08 v0.1 add Arabic and Farsi to "declared" options of
 babel
)
("C:\Program Files (x86)\MIKTEX\tex\latex\babel-english\english.ldf"
Language: english 2012/08/20 v3.3p English support from the babel system

("C:\Program Files (x86)\MIKTEX\tex\generic\babel\babel.def"
File: babel.def 2016/04/23 3.9r Babel common definitions
\babel@savecnt=\count88
\U@D=\dimen103
)
\l@canadian = a dialect from \language\l@american 
\l@australian = a dialect from \language\l@british 
\l@newzealand = a dialect from \language\l@british 
))
("C:\Program Files (x86)\MIKTEX\tex\latex\base\inputenc.sty"
Package: inputenc 2015/03/17 v1.2c Input encoding file
\inpenc@prehook=\toks14
\inpenc@posthook=\toks15

("C:\Program Files (x86)\MIKTEX\tex\latex\ucs\utf8x.def"
File: utf8x.def 2004/10/17 UCS: Input encoding UTF-8
))
("C:\Program Files (x86)\MIKTEX\tex\latex\ucs\ucs.sty"
Package: ucs 2013/05/11 v2.2 UCS: Unicode input support

("C:\Program Files (x86)\MIKTEX\tex\latex\ucs\uni-global.def"
File: uni-global.def 2013/05/13 UCS: Unicode global data
)
\uc@secondtry=\count89
\uc@combtoks=\toks16
\uc@combtoksb=\toks17
\uc@temptokena=\toks18
)
("C:\Program Files (x86)\MIKTEX\tex\latex\arabtex\arabtex.sty"
("C:\Program Files (x86)\MIKTEX\tex\latex\arabtex\aconfig.sty"
LaTeX2e detected 
BABEL detected
\a@moduledate=\count90
\a@maindate=\count91
)
("C:\Program Files (x86)\MIKTEX\tex\latex\arabtex\arabaux.sty")
("C:\Program Files (x86)\MIKTEX\tex\latex\arabtex\acmd.sty")
("C:\Program Files (x86)\MIKTEX\tex\latex\arabtex\afonts.sty"
("C:\Program Files (x86)\MIKTEX\tex\latex\arabtex\afonts2.sty"))
("C:\Program Files (x86)\MIKTEX\tex\latex\arabtex\ascan.sty"
(ArabTeX) scanner for code `arabtex' installed.
(ArabTeX) input encoding set to ArabTeX standard conventions.)
("C:\Program Files (x86)\MIKTEX\tex\latex\arabtex\aparse.sty")
("C:\Program Files (x86)\MIKTEX\tex\latex\arabtex\awrite.sty"
("C:\Program Files (x86)\MIKTEX\tex\latex\arabtex\xarbsymb.sty")
("C:\Program Files (x86)\MIKTEX\tex\latex\arabtex\arabskel.sty")
("C:\Program Files (x86)\MIKTEX\tex\latex\arabtex\xarbskel.sty")
("C:\Program Files (x86)\MIKTEX\tex\latex\arabtex\aboxes.sty")
("C:\Program Files (x86)\MIKTEX\tex\latex\arabtex\arabtoks.sty")
("C:\Program Files (x86)\MIKTEX\tex\latex\arabtex\arabchrs.sty"))
("C:\Program Files (x86)\MIKTEX\tex\latex\arabtex\aligs.sty")
("C:\Program Files (x86)\MIKTEX\tex\latex\arabtex\aoutput.sty")
("C:\Program Files (x86)\MIKTEX\tex\latex\arabtex\abidir.sty")
("C:\Program Files (x86)\MIKTEX\tex\latex\arabtex\atrans.sty"
(ArabTeX) ZDMG transliteration.)
("C:\Program Files (x86)\MIKTEX\tex\latex\arabtex\alatex.sty"
("C:\Program Files (x86)\MIKTEX\tex\latex\arabtex\afoot.sty"))
("C:\Program Files (x86)\MIKTEX\tex\latex\arabtex\abjad.sty")
("C:\Program Files (x86)\MIKTEX\tex\latex\arabtex\apatch.sty"
("C:\Program Files (x86)\MIKTEX\tex\latex\arabtex\alists.sty")
("C:\Program Files (x86)\MIKTEX\tex\latex\arabtex\asect.sty")
("C:\Program Files (x86)\MIKTEX\tex\latex\arabtex\atabg.sty")
("C:\Program Files (x86)\MIKTEX\tex\latex\arabtex\alocal.sty"
(ArabTeX) 3.11 local stub, 26.02.2006))
Arabic processor `ArabTeX' [20060702 patch level 3.11s (02.07.2006)]
(ArabTeX) ... now be patient ... )
("C:\Program Files (x86)\MIKTEX\tex\latex\multirow\multirow.sty"
Package: multirow 2016/09/27 v2.0 Span multiple rows of a table
\multirow@colwidth=\skip45
\multirow@cnta=\count121
\multirow@cntb=\count122
\multirow@dima=\skip46
\bigstrutjot=\dimen126
)
("C:\Program Files (x86)\MIKTEX\tex\latex\arabtex\utf8.sty"
("C:\Program Files (x86)\MIKTEX\tex\latex\arabtex\utfcode.sty"
Package: utfcode 2002/03/07  3.10a Arabic+Hebrew segment of UTF-8
\u@lb=\count123
\u@lq=\count124
)
Package: utf8 2000/06/13  3.10 UTF-8 input encoding 

(ArabTeX) scanner for code UTF-8 installed.)
("C:\Program Files (x86)\MIKTEX\tex\latex\float\float.sty"
Package: float 2001/11/08 v1.3d Float enhancements (AL)
\c@float@type=\count125
\float@exts=\toks39
\float@box=\box41
\@float@everytoks=\toks40
\@floatcapt=\box42
)
("C:\Program Files (x86)\MIKTEX\tex\latex\amsmath\amsmath.sty"
Package: amsmath 2016/06/28 v2.15d AMS math features
\@mathmargin=\skip47

For additional information on amsmath, use the `?' option.
("C:\Program Files (x86)\MIKTEX\tex\latex\amsmath\amstext.sty"
Package: amstext 2000/06/29 v2.01 AMS text

("C:\Program Files (x86)\MIKTEX\tex\latex\amsmath\amsgen.sty"
File: amsgen.sty 1999/11/30 v2.0 generic functions
\@emptytoks=\toks41
\ex@=\dimen127
))
("C:\Program Files (x86)\MIKTEX\tex\latex\amsmath\amsbsy.sty"
Package: amsbsy 1999/11/29 v1.2d Bold Symbols
\pmbraise@=\dimen128
)
("C:\Program Files (x86)\MIKTEX\tex\latex\amsmath\amsopn.sty"
Package: amsopn 2016/03/08 v2.02 operator names
)
\inf@bad=\count126
LaTeX Info: Redefining \frac on input line 199.
\uproot@=\count127
\leftroot@=\count128
LaTeX Info: Redefining \overline on input line 297.
\classnum@=\count129
\DOTSCASE@=\count130
LaTeX Info: Redefining \ldots on input line 394.
LaTeX Info: Redefining \dots on input line 397.
LaTeX Info: Redefining \cdots on input line 518.
\Mathstrutbox@=\box43
\strutbox@=\box44
\big@size=\dimen129
LaTeX Font Info:    Redeclaring font encoding OML on input line 634.
LaTeX Font Info:    Redeclaring font encoding OMS on input line 635.
\macc@depth=\count131
\c@MaxMatrixCols=\count132
\dotsspace@=\muskip10
\c@parentequation=\count133
\dspbrk@lvl=\count134
\tag@help=\toks42
\row@=\count135
\column@=\count136
\maxfields@=\count137
\andhelp@=\toks43
\eqnshift@=\dimen130
\alignsep@=\dimen131
\tagshift@=\dimen132
\tagwidth@=\dimen133
\totwidth@=\dimen134
\lineht@=\dimen135
\@envbody=\toks44
\multlinegap=\skip48
\multlinetaggap=\skip49
\mathdisplay@stack=\toks45
LaTeX Info: Redefining \[ on input line 2739.
LaTeX Info: Redefining \] on input line 2740.
)
("C:\Program Files (x86)\MIKTEX\tex\latex\graphics\graphicx.sty"
Package: graphicx 2014/10/28 v1.0g Enhanced LaTeX Graphics (DPC,SPQR)

("C:\Program Files (x86)\MIKTEX\tex\latex\graphics\keyval.sty"
Package: keyval 2014/10/28 v1.15 key=value parser (DPC)
\KV@toks@=\toks46
)
("C:\Program Files (x86)\MIKTEX\tex\latex\graphics\graphics.sty"
Package: graphics 2016/07/10 v1.0t Standard LaTeX Graphics (DPC,SPQR)

("C:\Program Files (x86)\MIKTEX\tex\latex\graphics\trig.sty"
Package: trig 2016/01/03 v1.10 sin cos tan (DPC)
)
("C:\Program Files (x86)\MIKTEX\tex\latex\00miktex\graphics.cfg"
File: graphics.cfg 2016/06/04 v1.11 sample graphics configuration
)
Package graphics Info: Driver file: pdftex.def on input line 99.

("C:\Program Files (x86)\MIKTEX\tex\latex\graphics-def\pdftex.def"
File: pdftex.def 2016/07/10 v0.06j Graphics/color for pdfTeX

("C:\Program Files (x86)\MIKTEX\tex\generic\oberdiek\infwarerr.sty"
Package: infwarerr 2016/05/16 v1.4 Providing info/warning/error messages (HO)
)
("C:\Program Files (x86)\MIKTEX\tex\generic\oberdiek\ltxcmds.sty"
Package: ltxcmds 2016/05/16 v1.23 LaTeX kernel commands for general use (HO)
)
\Gread@gobject=\count138
))
\Gin@req@height=\dimen136
\Gin@req@width=\dimen137
)
("C:\Program Files (x86)\MIKTEX\tex\latex\psnfss\palatino.sty"
Package: palatino 2005/04/12 PSNFSS-v9.2a (SPQR) 
)
("C:\Program Files (x86)\MIKTEX\tex\latex\pdfpages\pdfpages.sty"
Package: pdfpages 2016/04/19 v0.5f Insert pages of external PDF documents (AM)

("C:\Program Files (x86)\MIKTEX\tex\latex\base\ifthen.sty"
Package: ifthen 2014/09/29 v1.1c Standard LaTeX ifthen package (DPC)
)
("C:\Program Files (x86)\MIKTEX\tex\latex\tools\calc.sty"
Package: calc 2014/10/28 v4.3 Infix arithmetic (KKT,FJ)
\calc@Acount=\count139
\calc@Bcount=\count140
\calc@Adimen=\dimen138
\calc@Bdimen=\dimen139
\calc@Askip=\skip50
\calc@Bskip=\skip51
LaTeX Info: Redefining \setlength on input line 80.
LaTeX Info: Redefining \addtolength on input line 81.
\calc@Ccount=\count141
\calc@Cskip=\skip52
)
("C:\Program Files (x86)\MIKTEX\tex\latex\eso-pic\eso-pic.sty"
Package: eso-pic 2015/07/21 v2.0g eso-pic (RN)

("C:\Program Files (x86)\MIKTEX\tex\generic\oberdiek\atbegshi.sty"
Package: atbegshi 2016/06/09 v1.18 At begin shipout hook (HO)

("C:\Program Files (x86)\MIKTEX\tex\generic\oberdiek\ifpdf.sty"
Package: ifpdf 2016/05/14 v3.1 Provides the ifpdf switch
))
("C:\Program Files (x86)\MIKTEX\tex\latex\xcolor\xcolor.sty"
Package: xcolor 2016/05/11 v2.12 LaTeX color extensions (UK)

("C:\Program Files (x86)\MIKTEX\tex\latex\00miktex\color.cfg"
File: color.cfg 2016/01/02 v1.6 sample color configuration
)
Package xcolor Info: Driver file: pdftex.def on input line 225.
Package xcolor Info: Model `cmy' substituted by `cmy0' on input line 1348.
Package xcolor Info: Model `hsb' substituted by `rgb' on input line 1352.
Package xcolor Info: Model `RGB' extended on input line 1364.
Package xcolor Info: Model `HTML' substituted by `rgb' on input line 1366.
Package xcolor Info: Model `Hsb' substituted by `hsb' on input line 1367.
Package xcolor Info: Model `tHsb' substituted by `hsb' on input line 1368.
Package xcolor Info: Model `HSB' substituted by `hsb' on input line 1369.
Package xcolor Info: Model `Gray' substituted by `gray' on input line 1370.
Package xcolor Info: Model `wave' substituted by `hsb' on input line 1371.
))
\AM@pagewidth=\dimen140
\AM@pageheight=\dimen141

("C:\Program Files (x86)\MIKTEX\tex\latex\pdfpages\pppdftex.def"
File: pppdftex.def 2016/04/19 v0.5f Pdfpages driver for pdfTeX (AM)
)
\AM@pagebox=\box45
\AM@global@opts=\toks47
\AM@toc@title=\toks48
\c@AM@survey=\count142
\AM@templatesizebox=\box46
)
("C:\Program Files (x86)\MIKTEX\tex\latex\todonotes\todonotes.sty"
Package: todonotes 2015/07/09 .dtx Todonotes source and documentation.
Package: todonotes 2012/07/25

("C:\Program Files (x86)\MIKTEX\tex\latex\xkeyval\xkeyval.sty"
Package: xkeyval 2014/12/03 v2.7a package option processing (HA)

("C:\Program Files (x86)\MIKTEX\tex\generic\xkeyval\xkeyval.tex"
("C:\Program Files (x86)\MIKTEX\tex\generic\xkeyval\xkvutils.tex"
\XKV@toks=\toks49
\XKV@tempa@toks=\toks50
)
\XKV@depth=\count143
File: xkeyval.tex 2014/12/03 v2.7a key=value parser (HA)
))
("C:\Program Files (x86)\MIKTEX\tex\latex\pgf\frontendlayer\tikz.sty"
("C:\Program Files (x86)\MIKTEX\tex\latex\pgf\basiclayer\pgf.sty"
("C:\Program Files (x86)\MIKTEX\tex\latex\pgf\utilities\pgfrcs.sty"
("C:\Program Files (x86)\MIKTEX\tex\generic\pgf\utilities\pgfutil-common.tex"
\pgfutil@everybye=\toks51
\pgfutil@tempdima=\dimen142
\pgfutil@tempdimb=\dimen143

("C:\Program Files (x86)\MIKTEX\tex\generic\pgf\utilities\pgfutil-common-lists.
tex"))
("C:\Program Files (x86)\MIKTEX\tex\generic\pgf\utilities\pgfutil-latex.def"
\pgfutil@abb=\box47

("C:\Program Files (x86)\MIKTEX\tex\latex\ms\everyshi.sty"
Package: everyshi 2001/05/15 v3.00 EveryShipout Package (MS)
))
("C:\Program Files (x86)\MIKTEX\tex\generic\pgf\utilities\pgfrcs.code.tex"
Package: pgfrcs 2015/08/07 v3.0.1a (rcs-revision 1.31)
))
Package: pgf 2015/08/07 v3.0.1a (rcs-revision 1.15)

("C:\Program Files (x86)\MIKTEX\tex\latex\pgf\basiclayer\pgfcore.sty"
("C:\Program Files (x86)\MIKTEX\tex\latex\pgf\systemlayer\pgfsys.sty"
("C:\Program Files (x86)\MIKTEX\tex\generic\pgf\systemlayer\pgfsys.code.tex"
Package: pgfsys 2014/07/09 v3.0.1a (rcs-revision 1.48)

("C:\Program Files (x86)\MIKTEX\tex\generic\pgf\utilities\pgfkeys.code.tex"
\pgfkeys@pathtoks=\toks52
\pgfkeys@temptoks=\toks53

("C:\Program Files (x86)\MIKTEX\tex\generic\pgf\utilities\pgfkeysfiltered.code.
tex"
\pgfkeys@tmptoks=\toks54
))
\pgf@x=\dimen144
\pgf@y=\dimen145
\pgf@xa=\dimen146
\pgf@ya=\dimen147
\pgf@xb=\dimen148
\pgf@yb=\dimen149
\pgf@xc=\dimen150
\pgf@yc=\dimen151
\w@pgf@writea=\write5
\r@pgf@reada=\read1
\c@pgf@counta=\count144
\c@pgf@countb=\count145
\c@pgf@countc=\count146
\c@pgf@countd=\count147
\t@pgf@toka=\toks55
\t@pgf@tokb=\toks56
\t@pgf@tokc=\toks57
 ("C:\Program Files (x86)\MIKTEX\tex\generic\pgf\systemlayer\pgf.cfg"
File: pgf.cfg 2008/05/14  (rcs-revision 1.7)
)
Driver file for pgf: pgfsys-pdftex.def

("C:\Program Files (x86)\MIKTEX\tex\generic\pgf\systemlayer\pgfsys-pdftex.def"
File: pgfsys-pdftex.def 2014/10/11  (rcs-revision 1.35)

("C:\Program Files (x86)\MIKTEX\tex\generic\pgf\systemlayer\pgfsys-common-pdf.d
ef"
File: pgfsys-common-pdf.def 2013/10/10  (rcs-revision 1.13)
)))
("C:\Program Files (x86)\MIKTEX\tex\generic\pgf\systemlayer\pgfsyssoftpath.code
.tex"
File: pgfsyssoftpath.code.tex 2013/09/09  (rcs-revision 1.9)
\pgfsyssoftpath@smallbuffer@items=\count148
\pgfsyssoftpath@bigbuffer@items=\count149
)
("C:\Program Files (x86)\MIKTEX\tex\generic\pgf\systemlayer\pgfsysprotocol.code
.tex"
File: pgfsysprotocol.code.tex 2006/10/16  (rcs-revision 1.4)
))
("C:\Program Files (x86)\MIKTEX\tex\generic\pgf\basiclayer\pgfcore.code.tex"
Package: pgfcore 2010/04/11 v3.0.1a (rcs-revision 1.7)

("C:\Program Files (x86)\MIKTEX\tex\generic\pgf\math\pgfmath.code.tex"
("C:\Program Files (x86)\MIKTEX\tex\generic\pgf\math\pgfmathcalc.code.tex"
("C:\Program Files (x86)\MIKTEX\tex\generic\pgf\math\pgfmathutil.code.tex")
("C:\Program Files (x86)\MIKTEX\tex\generic\pgf\math\pgfmathparser.code.tex"
\pgfmath@dimen=\dimen152
\pgfmath@count=\count150
\pgfmath@box=\box48
\pgfmath@toks=\toks58
\pgfmath@stack@operand=\toks59
\pgfmath@stack@operation=\toks60
)
("C:\Program Files (x86)\MIKTEX\tex\generic\pgf\math\pgfmathfunctions.code.tex"

("C:\Program Files (x86)\MIKTEX\tex\generic\pgf\math\pgfmathfunctions.basic.cod
e.tex")
("C:\Program Files (x86)\MIKTEX\tex\generic\pgf\math\pgfmathfunctions.trigonome
tric.code.tex")
("C:\Program Files (x86)\MIKTEX\tex\generic\pgf\math\pgfmathfunctions.random.co
de.tex")
("C:\Program Files (x86)\MIKTEX\tex\generic\pgf\math\pgfmathfunctions.compariso
n.code.tex")
("C:\Program Files (x86)\MIKTEX\tex\generic\pgf\math\pgfmathfunctions.base.code
.tex")
("C:\Program Files (x86)\MIKTEX\tex\generic\pgf\math\pgfmathfunctions.round.cod
e.tex")
("C:\Program Files (x86)\MIKTEX\tex\generic\pgf\math\pgfmathfunctions.misc.code
.tex")
("C:\Program Files (x86)\MIKTEX\tex\generic\pgf\math\pgfmathfunctions.integerar
ithmetics.code.tex")))
("C:\Program Files (x86)\MIKTEX\tex\generic\pgf\math\pgfmathfloat.code.tex"
\c@pgfmathroundto@lastzeros=\count151
))
("C:\Program Files (x86)\MIKTEX\tex\generic\pgf\basiclayer\pgfcorepoints.code.t
ex"
File: pgfcorepoints.code.tex 2013/10/07  (rcs-revision 1.27)
\pgf@picminx=\dimen153
\pgf@picmaxx=\dimen154
\pgf@picminy=\dimen155
\pgf@picmaxy=\dimen156
\pgf@pathminx=\dimen157
\pgf@pathmaxx=\dimen158
\pgf@pathminy=\dimen159
\pgf@pathmaxy=\dimen160
\pgf@xx=\dimen161
\pgf@xy=\dimen162
\pgf@yx=\dimen163
\pgf@yy=\dimen164
\pgf@zx=\dimen165
\pgf@zy=\dimen166
)
("C:\Program Files (x86)\MIKTEX\tex\generic\pgf\basiclayer\pgfcorepathconstruct
.code.tex"
File: pgfcorepathconstruct.code.tex 2013/10/07  (rcs-revision 1.29)
\pgf@path@lastx=\dimen167
\pgf@path@lasty=\dimen168
)
("C:\Program Files (x86)\MIKTEX\tex\generic\pgf\basiclayer\pgfcorepathusage.cod
e.tex"
File: pgfcorepathusage.code.tex 2014/11/02  (rcs-revision 1.24)
\pgf@shorten@end@additional=\dimen169
\pgf@shorten@start@additional=\dimen170
)
("C:\Program Files (x86)\MIKTEX\tex\generic\pgf\basiclayer\pgfcorescopes.code.t
ex"
File: pgfcorescopes.code.tex 2015/05/08  (rcs-revision 1.46)
\pgfpic=\box49
\pgf@hbox=\box50
\pgf@layerbox@main=\box51
\pgf@picture@serial@count=\count152
)
("C:\Program Files (x86)\MIKTEX\tex\generic\pgf\basiclayer\pgfcoregraphicstate.
code.tex"
File: pgfcoregraphicstate.code.tex 2014/11/02  (rcs-revision 1.12)
\pgflinewidth=\dimen171
)
("C:\Program Files (x86)\MIKTEX\tex\generic\pgf\basiclayer\pgfcoretransformatio
ns.code.tex"
File: pgfcoretransformations.code.tex 2015/08/07  (rcs-revision 1.20)
\pgf@pt@x=\dimen172
\pgf@pt@y=\dimen173
\pgf@pt@temp=\dimen174
)
("C:\Program Files (x86)\MIKTEX\tex\generic\pgf\basiclayer\pgfcorequick.code.te
x"
File: pgfcorequick.code.tex 2008/10/09  (rcs-revision 1.3)
)
("C:\Program Files (x86)\MIKTEX\tex\generic\pgf\basiclayer\pgfcoreobjects.code.
tex"
File: pgfcoreobjects.code.tex 2006/10/11  (rcs-revision 1.2)
)
("C:\Program Files (x86)\MIKTEX\tex\generic\pgf\basiclayer\pgfcorepathprocessin
g.code.tex"
File: pgfcorepathprocessing.code.tex 2013/09/09  (rcs-revision 1.9)
)
("C:\Program Files (x86)\MIKTEX\tex\generic\pgf\basiclayer\pgfcorearrows.code.t
ex"
File: pgfcorearrows.code.tex 2015/05/14  (rcs-revision 1.43)
\pgfarrowsep=\dimen175
)
("C:\Program Files (x86)\MIKTEX\tex\generic\pgf\basiclayer\pgfcoreshade.code.te
x"
File: pgfcoreshade.code.tex 2013/07/15  (rcs-revision 1.15)
\pgf@max=\dimen176
\pgf@sys@shading@range@num=\count153
)
("C:\Program Files (x86)\MIKTEX\tex\generic\pgf\basiclayer\pgfcoreimage.code.te
x"
File: pgfcoreimage.code.tex 2013/07/15  (rcs-revision 1.18)

("C:\Program Files (x86)\MIKTEX\tex\generic\pgf\basiclayer\pgfcoreexternal.code
.tex"
File: pgfcoreexternal.code.tex 2014/07/09  (rcs-revision 1.21)
\pgfexternal@startupbox=\box52
))
("C:\Program Files (x86)\MIKTEX\tex\generic\pgf\basiclayer\pgfcorelayers.code.t
ex"
File: pgfcorelayers.code.tex 2013/07/18  (rcs-revision 1.7)
)
("C:\Program Files (x86)\MIKTEX\tex\generic\pgf\basiclayer\pgfcoretransparency.
code.tex"
File: pgfcoretransparency.code.tex 2013/09/30  (rcs-revision 1.5)
)
("C:\Program Files (x86)\MIKTEX\tex\generic\pgf\basiclayer\pgfcorepatterns.code
.tex"
File: pgfcorepatterns.code.tex 2013/11/07  (rcs-revision 1.5)
)))
("C:\Program Files (x86)\MIKTEX\tex\generic\pgf\modules\pgfmoduleshapes.code.te
x"
File: pgfmoduleshapes.code.tex 2014/03/21  (rcs-revision 1.35)
\pgfnodeparttextbox=\box53
)
("C:\Program Files (x86)\MIKTEX\tex\generic\pgf\modules\pgfmoduleplot.code.tex"
File: pgfmoduleplot.code.tex 2015/08/03  (rcs-revision 1.13)
)
("C:\Program Files (x86)\MIKTEX\tex\latex\pgf\compatibility\pgfcomp-version-0-6
5.sty"
Package: pgfcomp-version-0-65 2007/07/03 v3.0.1a (rcs-revision 1.7)
\pgf@nodesepstart=\dimen177
\pgf@nodesepend=\dimen178
)
("C:\Program Files (x86)\MIKTEX\tex\latex\pgf\compatibility\pgfcomp-version-1-1
8.sty"
Package: pgfcomp-version-1-18 2007/07/23 v3.0.1a (rcs-revision 1.1)
)) ("C:\Program Files (x86)\MIKTEX\tex\latex\pgf\utilities\pgffor.sty"
("C:\Program Files (x86)\MIKTEX\tex\latex\pgf\utilities\pgfkeys.sty"
("C:\Program Files (x86)\MIKTEX\tex\generic\pgf\utilities\pgfkeys.code.tex"))
("C:\Program Files (x86)\MIKTEX\tex\latex\pgf\math\pgfmath.sty"
("C:\Program Files (x86)\MIKTEX\tex\generic\pgf\math\pgfmath.code.tex"))
("C:\Program Files (x86)\MIKTEX\tex\generic\pgf\utilities\pgffor.code.tex"
Package: pgffor 2013/12/13 v3.0.1a (rcs-revision 1.25)

("C:\Program Files (x86)\MIKTEX\tex\generic\pgf\math\pgfmath.code.tex")
\pgffor@iter=\dimen179
\pgffor@skip=\dimen180
\pgffor@stack=\toks61
\pgffor@toks=\toks62
))
("C:\Program Files (x86)\MIKTEX\tex\generic\pgf\frontendlayer\tikz\tikz.code.te
x"
Package: tikz 2015/08/07 v3.0.1a (rcs-revision 1.151)

("C:\Program Files (x86)\MIKTEX\tex\generic\pgf\libraries\pgflibraryplothandler
s.code.tex"
File: pgflibraryplothandlers.code.tex 2013/08/31 v3.0.1a (rcs-revision 1.20)
\pgf@plot@mark@count=\count154
\pgfplotmarksize=\dimen181
)
\tikz@lastx=\dimen182
\tikz@lasty=\dimen183
\tikz@lastxsaved=\dimen184
\tikz@lastysaved=\dimen185
\tikzleveldistance=\dimen186
\tikzsiblingdistance=\dimen187
\tikz@figbox=\box54
\tikz@figbox@bg=\box55
\tikz@tempbox=\box56
\tikz@tempbox@bg=\box57
\tikztreelevel=\count155
\tikznumberofchildren=\count156
\tikznumberofcurrentchild=\count157
\tikz@fig@count=\count158

("C:\Program Files (x86)\MIKTEX\tex\generic\pgf\modules\pgfmodulematrix.code.te
x"
File: pgfmodulematrix.code.tex 2013/09/17  (rcs-revision 1.8)
\pgfmatrixcurrentrow=\count159
\pgfmatrixcurrentcolumn=\count160
\pgf@matrix@numberofcolumns=\count161
)
\tikz@expandcount=\count162

("C:\Program Files (x86)\MIKTEX\tex\generic\pgf\frontendlayer\tikz\libraries\ti
kzlibrarytopaths.code.tex"
File: tikzlibrarytopaths.code.tex 2008/06/17 v3.0.1a (rcs-revision 1.2)
)))
("C:\Program Files (x86)\MIKTEX\tex\generic\pgf\frontendlayer\tikz\libraries\ti
kzlibrarypositioning.code.tex"
File: tikzlibrarypositioning.code.tex 2008/10/06 v3.0.1a (rcs-revision 1.7)
)
\c@@todonotes@numberoftodonotes=\count163
)
("C:\Program Files (x86)\MIKTEX\tex\latex\url\url.sty"
\Urlmuskip=\muskip11
Package: url 2013/09/16  ver 3.4  Verb mode for urls, etc.
)
("C:\Program Files (x86)\MIKTEX\tex\latex\amsfonts\amssymb.sty"
Package: amssymb 2013/01/14 v3.01 AMS font symbols

("C:\Program Files (x86)\MIKTEX\tex\latex\amsfonts\amsfonts.sty"
Package: amsfonts 2013/01/14 v3.01 Basic AMSFonts support
\symAMSa=\mathgroup4
\symAMSb=\mathgroup5
LaTeX Font Info:    Overwriting math alphabet `\mathfrak' in version `bold'
(Font)                  U/euf/m/n --> U/euf/b/n on input line 106.
))
("C:\Program Files (x86)\MIKTEX\tex\latex\cmap\cmap.sty"
Package: cmap 2008/03/06 v1.0h CMap support: searchable PDF
)
("C:\Program Files (x86)\MIKTEX\tex\latex\fancyvrb\fancyvrb.sty"
Package: fancyvrb 2008/02/07

Style option: `fancyvrb' v2.7a, with DG/SPQR fixes, and firstline=lastline fix 
<2008/02/07> (tvz)
\FV@CodeLineNo=\count164
\FV@InFile=\read2
\FV@TabBox=\box58
\c@FancyVerbLine=\count165
\FV@StepNumber=\count166
\FV@OutFile=\write6
)
\openout6 = `OT1.cmap'.


("C:\Program Files (x86)\MIKTEX\tex\latex\hyperref\hyperref.sty"
Package: hyperref 2016/06/24 v6.83q Hypertext links for LaTeX

("C:\Program Files (x86)\MIKTEX\tex\generic\oberdiek\hobsub-hyperref.sty"
Package: hobsub-hyperref 2016/05/16 v1.14 Bundle oberdiek, subset hyperref (HO)


("C:\Program Files (x86)\MIKTEX\tex\generic\oberdiek\hobsub-generic.sty"
Package: hobsub-generic 2016/05/16 v1.14 Bundle oberdiek, subset generic (HO)
Package: hobsub 2016/05/16 v1.14 Construct package bundles (HO)
Package hobsub Info: Skipping package `infwarerr' (already loaded).
Package hobsub Info: Skipping package `ltxcmds' (already loaded).
Package: ifluatex 2016/05/16 v1.4 Provides the ifluatex switch (HO)
Package ifluatex Info: LuaTeX not detected.
Package: ifvtex 2016/05/16 v1.6 Detect VTeX and its facilities (HO)
Package ifvtex Info: VTeX not detected.
Package: intcalc 2016/05/16 v1.2 Expandable calculations with integers (HO)
Package hobsub Info: Skipping package `ifpdf' (already loaded).
Package: etexcmds 2016/05/16 v1.6 Avoid name clashes with e-TeX commands (HO)
Package etexcmds Info: Could not find \expanded.
(etexcmds)             That can mean that you are not using pdfTeX 1.50 or
(etexcmds)             that some package has redefined \expanded.
(etexcmds)             In the latter case, load this package earlier.
Package: kvsetkeys 2016/05/16 v1.17 Key value parser (HO)
Package: kvdefinekeys 2016/05/16 v1.4 Define keys (HO)
Package: pdftexcmds 2016/05/21 v0.22 Utility functions of pdfTeX for LuaTeX (HO
)
Package pdftexcmds Info: LuaTeX not detected.
Package pdftexcmds Info: \pdf@primitive is available.
Package pdftexcmds Info: \pdf@ifprimitive is available.
Package pdftexcmds Info: \pdfdraftmode found.
Package: pdfescape 2016/05/16 v1.14 Implements pdfTeX's escape features (HO)
Package: bigintcalc 2016/05/16 v1.4 Expandable calculations on big integers (HO
)
Package: bitset 2016/05/16 v1.2 Handle bit-vector datatype (HO)
Package: uniquecounter 2016/05/16 v1.3 Provide unlimited unique counter (HO)
)
Package hobsub Info: Skipping package `hobsub' (already loaded).
Package: letltxmacro 2016/05/16 v1.5 Let assignment for LaTeX macros (HO)
Package: hopatch 2016/05/16 v1.3 Wrapper for package hooks (HO)
Package: xcolor-patch 2016/05/16 xcolor patch
Package: atveryend 2016/05/16 v1.9 Hooks at the very end of document (HO)
Package atveryend Info: \enddocument detected (standard20110627).
Package atveryend Info: \a@enddocument detected (standard20110627).
Package hobsub Info: Skipping package `atbegshi' (already loaded).
Package: refcount 2016/05/16 v3.5 Data extraction from label references (HO)
Package: hycolor 2016/05/16 v1.8 Color options for hyperref/bookmark (HO)
)
("C:\Program Files (x86)\MIKTEX\tex\generic\ifxetex\ifxetex.sty"
Package: ifxetex 2010/09/12 v0.6 Provides ifxetex conditional
)
("C:\Program Files (x86)\MIKTEX\tex\latex\oberdiek\auxhook.sty"
Package: auxhook 2016/05/16 v1.4 Hooks for auxiliary files (HO)


Package auxhook Warning: Cannot patch \document,
(auxhook)                using \AtBeginDocument instead.

) ("C:\Program Files (x86)\MIKTEX\tex\latex\oberdiek\kvoptions.sty"
Package: kvoptions 2016/05/16 v3.12 Key value format for package options (HO)
)
\@linkdim=\dimen188
\Hy@linkcounter=\count167
\Hy@pagecounter=\count168

("C:\Program Files (x86)\MIKTEX\tex\latex\hyperref\pd1enc.def"
File: pd1enc.def 2016/06/24 v6.83q Hyperref: PDFDocEncoding definition (HO)
)
\Hy@SavedSpaceFactor=\count169

("C:\Program Files (x86)\MIKTEX\tex\latex\00miktex\hyperref.cfg"
File: hyperref.cfg 2002/06/06 v1.2 hyperref configuration of TeXLive
)
Package hyperref Info: Option `hypertexnames' set `false' on input line 4362.
Package hyperref Info: Option `bookmarks' set `true' on input line 4362.
Package hyperref Info: Option `bookmarksopen' set `true' on input line 4362.
Package hyperref Info: Option `colorlinks' set `true' on input line 4362.
Package hyperref Info: Hyper figures OFF on input line 4486.
Package hyperref Info: Link nesting OFF on input line 4491.
Package hyperref Info: Hyper index ON on input line 4494.
Package hyperref Info: Plain pages OFF on input line 4501.
Package hyperref Info: Backreferencing OFF on input line 4506.
Package hyperref Info: Implicit mode ON; LaTeX internals redefined.
Package hyperref Info: Bookmarks ON on input line 4735.
\c@Hy@tempcnt=\count170
LaTeX Info: Redefining \url on input line 5088.
\XeTeXLinkMargin=\dimen189
\Fld@menulength=\count171
\Field@Width=\dimen190
\Fld@charsize=\dimen191
Package hyperref Info: Hyper figures OFF on input line 6342.
Package hyperref Info: Link nesting OFF on input line 6347.
Package hyperref Info: Hyper index ON on input line 6350.
Package hyperref Info: backreferencing OFF on input line 6357.
Package hyperref Info: Link coloring ON on input line 6360.
Package hyperref Info: Link coloring with OCG OFF on input line 6367.
Package hyperref Info: PDF/A mode OFF on input line 6372.
LaTeX Info: Redefining \ref on input line 6412.
LaTeX Info: Redefining \pageref on input line 6416.
\Hy@abspage=\count172
\c@Item=\count173
\c@Hfootnote=\count174
)

Package hyperref Message: Driver (autodetected): hpdftex.

("C:\Program Files (x86)\MIKTEX\tex\latex\hyperref\hpdftex.def"
File: hpdftex.def 2016/06/24 v6.83q Hyperref driver for pdfTeX
\Fld@listcount=\count175
\c@bookmark@seq@number=\count176

("C:\Program Files (x86)\MIKTEX\tex\latex\oberdiek\rerunfilecheck.sty"
Package: rerunfilecheck 2016/05/16 v1.8 Rerun checks for auxiliary files (HO)
Package uniquecounter Info: New unique counter `rerunfilecheck' on input line 2
82.
)
\Hy@SectionHShift=\skip53
)
("C:\Program Files (x86)\MIKTEX\tex\latex\tools\array.sty"
Package: array 2014/10/28 v2.4c Tabular extension package (FMi)
\col@sep=\dimen192
\extrarowheight=\dimen193
\NC@list=\toks63
\extratabsurround=\skip54
\backup@length=\skip55
)
("C:\Program Files (x86)\MIKTEX\tex\latex\tools\tabularx.sty"
Package: tabularx 2016/02/03 v2.11 `tabularx' package (DPC)
\TX@col@width=\dimen194
\TX@old@table=\dimen195
\TX@old@col=\dimen196
\TX@target=\dimen197
\TX@delta=\dimen198
\TX@cols=\count177
\TX@ftn=\toks64
)
("C:\Program Files (x86)\MIKTEX\tex\latex\mathtools\mathtools.sty"
Package: mathtools 2015/11/12 v1.18 mathematical typesetting tools

("C:\Program Files (x86)\MIKTEX\tex\latex\mathtools\mhsetup.sty"
Package: mhsetup 2010/01/21 v1.2a programming setup (MH)
)
LaTeX Info: Thecontrolsequence`\('isalreadyrobust on input line 129.
LaTeX Info: Thecontrolsequence`\)'isalreadyrobust on input line 129.
LaTeX Info: Thecontrolsequence`\['isalreadyrobust on input line 129.
LaTeX Info: Thecontrolsequence`\]'isalreadyrobust on input line 129.
\g_MT_multlinerow_int=\count178
\l_MT_multwidth_dim=\dimen199
\origjot=\skip56
\l_MT_shortvdotswithinadjustabove_dim=\dimen256
\l_MT_shortvdotswithinadjustbelow_dim=\dimen257
\l_MT_above_intertext_sep=\dimen258
\l_MT_below_intertext_sep=\dimen259
\l_MT_above_shortintertext_sep=\dimen260
\l_MT_below_shortintertext_sep=\dimen261
)
("C:\Program Files (x86)\MIKTEX\tex\latex\setspace\setspace.sty"
Package: setspace 2011/12/19 v6.7a set line spacing
)
("C:\Program Files (x86)\MIKTEX\tex\latex\abstract\abstract.sty"
Package: abstract 2009/06/08 v1.2a configurable abstracts
\abstitleskip=\skip57
\absleftindent=\skip58
\absrightindent=\skip59
\absparindent=\skip60
\absparsep=\skip61
)
("C:\Program Files (x86)\MIKTEX\tex\latex\base\fontenc.sty"
Package: fontenc 2016/06/19 v1.99m Standard LaTeX package

("C:\Program Files (x86)\MIKTEX\tex\latex\base\t1enc.def"
File: t1enc.def 2016/06/19 v1.99m Standard LaTeX file
LaTeX Font Info:    Redeclaring font encoding T1 on input line 48.
)<<t1.cmap>>)
("C:\Program Files (x86)\MIKTEX\tex\latex\fncychap\fncychap.sty"
Package: fncychap 2007/07/30 v1.34 LaTeX package (Revised chapters)
\RW=\skip62
\mylen=\skip63
\myhi=\skip64
\px=\skip65
\py=\skip66
\pyy=\skip67
\pxx=\skip68
)
("C:\Program Files (x86)\MIKTEX\tex\latex\appendix\appendix.sty"
Package: appendix 2009/09/02 v1.2b extra appendix facilities
\c@@pps=\count179
\c@@ppsavesec=\count180
\c@@ppsaveapp=\count181
)
("C:\Program Files (x86)\MIKTEX\tex\latex\geometry\geometry.sty"
Package: geometry 2010/09/12 v5.6 Page Geometry
\Gm@cnth=\count182
\Gm@cntv=\count183
\c@Gm@tempcnt=\count184
\Gm@bindingoffset=\dimen262
\Gm@wd@mp=\dimen263
\Gm@odd@mp=\dimen264
\Gm@even@mp=\dimen265
\Gm@layoutwidth=\dimen266
\Gm@layoutheight=\dimen267
\Gm@layouthoffset=\dimen268
\Gm@layoutvoffset=\dimen269
\Gm@dimlist=\toks65

("C:\Program Files (x86)\MIKTEX\tex\latex\geometry\geometry.cfg"))
("C:\Program Files (x86)\MIKTEX\tex\latex\subfig\subfig.sty"
Package: subfig 2005/06/28 ver: 1.3 subfig package

("C:\Program Files (x86)\MIKTEX\tex\latex\caption\caption.sty"
Package: caption 2016/02/21 v3.3-144 Customizing captions (AR)

("C:\Program Files (x86)\MIKTEX\tex\latex\caption\caption3.sty"
Package: caption3 2016/05/22 v1.7-166 caption3 kernel (AR)
Package caption3 Info: Fixing ArabTeX on input line 50.
Package caption3 Info: TeX engine: e-TeX on input line 67.
\captionmargin=\dimen270
\captionmargin@=\dimen271
\captionwidth=\dimen272
\caption@tempdima=\dimen273
\caption@indent=\dimen274
\caption@parindent=\dimen275
\caption@hangindent=\dimen276
)
\c@ContinuedFloat=\count185
Package caption Info: float package is loaded.
Package caption Info: hyperref package is loaded.
)
\c@KVtest=\count186
\sf@farskip=\skip69
\sf@captopadj=\dimen277
\sf@capskip=\skip70
\sf@nearskip=\skip71
\c@subfigure=\count187
\c@subfigure@save=\count188
\c@lofdepth=\count189
\c@subtable=\count190
\c@subtable@save=\count191
\c@lotdepth=\count192
\sf@top=\skip72
\sf@bottom=\skip73
)
("C:\Program Files (x86)\MIKTEX\tex\latex\fancyhdr\fancyhdr.sty"
Package: fancyhdr 2016/09/06 3.8 Extensive control of page headers and footers
\fancy@headwidth=\skip74
\f@ncyO@elh=\skip75
\f@ncyO@erh=\skip76
\f@ncyO@olh=\skip77
\f@ncyO@orh=\skip78
\f@ncyO@elf=\skip79
\f@ncyO@erf=\skip80
\f@ncyO@olf=\skip81
\f@ncyO@orf=\skip82
)
(ArabTeX) input encoding set to UTF-8 conventions
("C:\Program Files (x86)\MIKTEX\tex\latex\ucs\uni-0.def"
File: uni-0.def 2013/05/13 UCS: Unicode data U+0000..U+00FF
) (main.aux)
\openout1 = `main.aux'.

LaTeX Font Info:    Checking defaults for OML/cmm/m/it on input line 152.
LaTeX Font Info:    ... okay on input line 152.
LaTeX Font Info:    Checking defaults for T1/cmr/m/n on input line 152.
LaTeX Font Info:    ... okay on input line 152.
LaTeX Font Info:    Checking defaults for OT1/cmr/m/n on input line 152.
LaTeX Font Info:    ... okay on input line 152.
LaTeX Font Info:    Checking defaults for OMS/cmsy/m/n on input line 152.
LaTeX Font Info:    ... okay on input line 152.
LaTeX Font Info:    Checking defaults for OMX/cmex/m/n on input line 152.
LaTeX Font Info:    ... okay on input line 152.
LaTeX Font Info:    Checking defaults for U/cmr/m/n on input line 152.
LaTeX Font Info:    ... okay on input line 152.
LaTeX Font Info:    Checking defaults for PD1/pdf/m/n on input line 152.
LaTeX Font Info:    ... okay on input line 152.
LaTeX Font Info:    Try loading font information for T1+ppl on input line 152.

("C:\Program Files (x86)\MIKTEX\tex\latex\psnfss\t1ppl.fd"
File: t1ppl.fd 2001/06/04 font definitions for T1/ppl.
)

Package utf8x.def Warning: Character(s)225 etc.gotredefinedsomewhere.
(utf8x.def)                Restoringtoitsutf8x-meaning on input line 152.

("C:\Program Files (x86)\MIKTEX\tex\latex\ucs\ucsencs.def"
File: ucsencs.def 2011/01/21 Fixes to fontencodings LGR, T3
)
("C:\Program Files (x86)\MIKTEX\tex\context\base\supp-pdf.mkii"
[Loading MPS to PDF converter (version 2006.09.02).]
\scratchcounter=\count193
\scratchdimen=\dimen278
\scratchbox=\box59
\nofMPsegments=\count194
\nofMParguments=\count195
\everyMPshowfont=\toks66
\MPscratchCnt=\count196
\MPscratchDim=\dimen279
\MPnumerator=\count197
\makeMPintoPDFobject=\count198
\everyMPtoPDFconversion=\toks67
) ("C:\Program Files (x86)\MIKTEX\tex\latex\oberdiek\epstopdf-base.sty"
Package: epstopdf-base 2016/05/15 v2.6 Base part for package epstopdf

("C:\Program Files (x86)\MIKTEX\tex\latex\oberdiek\grfext.sty"
Package: grfext 2016/05/16 v1.2 Manage graphics extensions (HO)
)
Package epstopdf-base Info: Redefining graphics rule for `.eps' on input line 4
38.
Package grfext Info: Graphics extension search list:
(grfext)             [.png,.pdf,.jpg,.mps,.jpeg,.jbig2,.jb2,.PNG,.PDF,.JPG,.JPE
G,.JBIG2,.JB2,.eps]
(grfext)             \AppendGraphicsExtensions on input line 456.
)
\AtBeginShipoutBox=\box60

("C:\Program Files (x86)\MIKTEX\tex\latex\oberdiek\pdflscape.sty"
Package: pdflscape 2016/05/14 v0.11 Display of landscape pages in PDF (HO)

("C:\Program Files (x86)\MIKTEX\tex\latex\graphics\lscape.sty"
Package: lscape 2000/10/22 v3.01 Landscape Pages (DPC)
)
Package pdflscape Info: Auto-detected driver: pdftex on input line 81.
)
ABD: EveryShipout initializing macros
Package hyperref Info: Link coloring ON on input line 152.

("C:\Program Files (x86)\MIKTEX\tex\latex\hyperref\nameref.sty"
Package: nameref 2016/05/21 v2.44 Cross-referencing by name of section

("C:\Program Files (x86)\MIKTEX\tex\generic\oberdiek\gettitlestring.sty"
Package: gettitlestring 2016/05/16 v1.5 Cleanup title references (HO)
)
\c@section@level=\count199
)
LaTeX Info: Redefining \ref on input line 152.
LaTeX Info: Redefining \pageref on input line 152.
LaTeX Info: Redefining \nameref on input line 152.

(main.out) (main.out)
\@outlinefile=\write7
\openout7 = `main.out'.


*geometry* driver: auto-detecting
*geometry* detected driver: pdftex
*geometry* verbose mode - [ preamble ] result:
* driver: pdftex
* paper: a4paper
* layout: <same size as paper>
* layoutoffset:(h,v)=(0.0pt,0.0pt)
* modes: 
* h-part:(L,W,R)=(56.9055pt, 483.69687pt, 56.9055pt)
* v-part:(T,H,B)=(56.9055pt, 731.23584pt, 56.9055pt)
* \paperwidth=597.50787pt
* \paperheight=845.04684pt
* \textwidth=483.69687pt
* \textheight=731.23584pt
* \oddsidemargin=-15.36449pt
* \evensidemargin=-15.36449pt
* \topmargin=-52.36449pt
* \headheight=12.0pt
* \headsep=25.0pt
* \topskip=10.0pt
* \footskip=30.0pt
* \marginparwidth=57.0pt
* \marginparsep=11.0pt
* \columnsep=10.0pt
* \skip\footins=9.0pt plus 4.0pt minus 2.0pt
* \hoffset=0.0pt
* \voffset=0.0pt
* \mag=1000
* \@twocolumnfalse
* \@twosidefalse
* \@mparswitchfalse
* \@reversemarginfalse
* (1in=72.27pt=25.4mm, 1cm=28.453pt)

Package caption Info: Begin \AtBeginDocument code.
Package caption Info: subfig package v1.3 is loaded.
Package caption Info: End \AtBeginDocument code.
("C:\Program Files (x86)\MIKTEX\tex\latex\arabtex\apatch.sty"
\a@lines=\count266
\a@Lwidth=\dimen280
\a@displaywidth=\dimen281

("C:\Program Files (x86)\MIKTEX\tex\latex\arabtex\alocal.sty"
(ArabTeX) 3.11 local stub, 26.02.2006)
(ArabTeX) version 3.11s (02.07.2006): second phase of patching) (title.tex
<./logoEnsi.png, id=330, 237.88875pt x 289.83281pt>
File: ./logoEnsi.png Graphic file (type png)
 <use ./logoEnsi.png>
Package pdftex.def Info: ./logoEnsi.png used on input line 13.
(pdftex.def)             Requested size: 99.58589pt x 113.80827pt.
LaTeX Font Info:    Font shape `T1/ppl/bx/sc' in size <14.4> not available
(Font)              Font shape `T1/ppl/b/sc' tried instead on input line 17.
LaTeX Font Info:    Font shape `T1/ppl/bx/n' in size <20.74> not available
(Font)              Font shape `T1/ppl/b/n' tried instead on input line 20.
LaTeX Font Info:    Font shape `T1/ppl/bx/n' in size <12> not available
(Font)              Font shape `T1/ppl/b/n' tried instead on input line 30.
LaTeX Font Info:    Font shape `T1/ppl/bx/sc' in size <12> not available
(Font)              Font shape `T1/ppl/b/sc' tried instead on input line 30.
<<ot1.cmap>><<oml.cmap>><<oms.cmap>><<omx.cmap>>
LaTeX Font Info:    Try loading font information for U+msa on input line 32.

("C:\Program Files (x86)\MIKTEX\tex\latex\amsfonts\umsa.fd"
File: umsa.fd 2013/01/14 v3.01 AMS symbols A
)
LaTeX Font Info:    Try loading font information for U+msb on input line 32.

("C:\Program Files (x86)\MIKTEX\tex\latex\amsfonts\umsb.fd"
File: umsb.fd 2013/01/14 v3.01 AMS symbols B
)
<./iologo.png, id=336, 879.7668pt x 234.1548pt>
File: ./iologo.png Graphic file (type png)
 <use ./iologo.png>
Package pdftex.def Info: ./iologo.png used on input line 51.
(pdftex.def)             Requested size: 199.16058pt x 56.90573pt.
 [1{C:/ProgramData/MiKTeX/2.9/pdftex/config/pdftex.map}

 <./logoEnsi.png> <./iologo.png>])
Underfull \hbox (badness 10000) in paragraph at lines 165--169

 []


Underfull \hbox (badness 10000) in paragraph at lines 165--169

 []


Underfull \hbox (badness 10000) in paragraph at lines 165--169

 []


Underfull \hbox (badness 10000) in paragraph at lines 165--169

 []

[1] (abstract.tex
LaTeX Font Info:    Font shape `T1/ppl/bx/n' in size <14.4> not available
(Font)              Font shape `T1/ppl/b/n' tried instead on input line 12.
LaTeX Font Info:    Try loading font information for U+xnsh on input line 33.
 ("C:\Program Files (x86)\MIKTEX\tex\latex\arabtex\uxnsh.fd"
File: uxnsh.fd  1999/10/19 v3.10 ArabTeX Naskh extd. font definitions
)
LaTeX Font Info:    Font shape `U/xnsh/m/n' will be
(Font)              scaled to size 20.73602pt on input line 33.
LaTeX Font Info:    Font shape `U/xnsh/m/n' will be
(Font)              scaled to size 17.28003pt on input line 38.
LaTeX Font Info:    Font shape `U/xnsh/bx/n' will be
(Font)              scaled to size 17.28003pt on input line 41.
) [2] (proverb.tex
LaTeX Font Info:    Font shape `T1/ppl/bx/n' in size <24.88> not available
(Font)              Font shape `T1/ppl/b/n' tried instead on input line 1.
) [3

] (acknowledgement.tex
Underfull \hbox (badness 10000) in paragraph at lines 15--16

 []


Underfull \hbox (badness 10000) in paragraph at lines 17--18

 []


Underfull \hbox (badness 10000) in paragraph at lines 19--20

 []


Underfull \hbox (badness 10000) in paragraph at lines 21--22

 []


Overfull \hbox (6.25945pt too wide) in paragraph at lines 23--24
\T1/ppl/m/n/12 thanks to my \T1/ppl/b/n/12 Prepara-tory In-sti-tute for En-gi-n
eer-ing Studies-El Ma-nar \T1/ppl/m/n/12 class-mates with whom
 []


Underfull \hbox (badness 10000) in paragraph at lines 23--24

 []


Underfull \hbox (badness 10000) in paragraph at lines 25--26

 []

) (ab.tex [1

]) [2

] (main.toc [3

])
\tf@toc=\write8
\openout8 = `main.toc'.

 [4] (main.lof [5

])
\tf@lof=\write9
\openout9 = `main.lof'.

 [6] (main.lot)
\tf@lot=\write10
\openout10 = `main.lot'.

 [7

]
(introduction.tex
Underfull \hbox (badness 10000) in paragraph at lines 6--7

 []


Underfull \hbox (badness 10000) in paragraph at lines 8--9

 []


Underfull \hbox (badness 10000) in paragraph at lines 10--11

 []


Underfull \hbox (badness 10000) in paragraph at lines 16--17

 []


Underfull \hbox (badness 10000) in paragraph at lines 19--22

 []


Underfull \hbox (badness 10000) in paragraph at lines 19--22

 []


Underfull \hbox (badness 10000) in paragraph at lines 19--22

 []

[1

]
Underfull \hbox (badness 10000) in paragraph at lines 23--24

 []


Underfull \hbox (badness 10000) in paragraph at lines 25--26

 []


Underfull \hbox (badness 10000) in paragraph at lines 27--28

 []


Underfull \hbox (badness 10000) in paragraph at lines 29--30

 []


Underfull \hbox (badness 10000) in paragraph at lines 31--32

 []


Underfull \hbox (badness 10000) in paragraph at lines 33--34

 []

) (chaptre1.tex [2]
Chapter 1.
LaTeX Font Info:    Try loading font information for OT1+phv on input line 1.
("C:\Program Files (x86)\MIKTEX\tex\latex\psnfss\ot1phv.fd"
File: ot1phv.fd 2001/06/04 scalable font definitions for OT1/phv.
)
LaTeX Font Info:    Try loading font information for OT1+ptm on input line 1.

("C:\Program Files (x86)\MIKTEX\tex\latex\psnfss\ot1ptm.fd"
File: ot1ptm.fd 2001/06/04 font definitions for OT1/ptm.
)
Underfull \hbox (badness 10000) in paragraph at lines 6--7

 []


Underfull \hbox (badness 10000) in paragraph at lines 8--9

 []


Underfull \hbox (badness 10000) in paragraph at lines 15--16

 []

[3

]
Underfull \hbox (badness 10000) in paragraph at lines 22--23

 []


Underfull \hbox (badness 10000) in paragraph at lines 28--29

 []

("C:\Program Files (x86)\MIKTEX\tex\latex\ucs\uni-32.def"
File: uni-32.def 2013/05/13 UCS: Unicode data U+2000..U+20FF
)
<chapter1/fig2.png, id=606, 435.12563pt x 500.62032pt>
File: chapter1/fig2.png Graphic file (type png)
 <use chapter1/fig2.png>
Package pdftex.def Info: chapter1/fig2.png used on input line 34.
(pdftex.def)             Requested size: 421.12854pt x 506.47807pt.

[4]
Underfull \hbox (badness 10000) in paragraph at lines 59--60

 []

[5 <./chapter1/fig2.png>]) (chaptre2.tex [6]
Chapter 2.

Underfull \hbox (badness 10000) in paragraph at lines 7--8

 []


Underfull \hbox (badness 10000) in paragraph at lines 9--11

 []


Underfull \hbox (badness 10000) in paragraph at lines 12--13

 []


Underfull \hbox (badness 10000) in paragraph at lines 18--19

 []


Underfull \hbox (badness 10000) in paragraph at lines 21--22

 []

[7

]
Underfull \hbox (badness 10000) in paragraph at lines 23--24

 []


Underfull \hbox (badness 10000) in paragraph at lines 25--26

 []


Underfull \hbox (badness 10000) in paragraph at lines 31--33

 []


Underfull \hbox (badness 10000) in paragraph at lines 34--35

 []


Overfull \hbox (5.65074pt too wide) in paragraph at lines 48--49
[]\T1/ppl/b/n/12 Virality: \T1/ppl/m/n/12 Vi-ral-ity rep-re-sents the speed of 
the data send and re-ceives from var-i-ous sources. 
 []

[8]
Underfull \hbox (badness 10000) in paragraph at lines 52--56

 []


Underfull \hbox (badness 10000) in paragraph at lines 57--62

 []


Underfull \hbox (badness 10000) in paragraph at lines 63--64

 []


Underfull \hbox (badness 10000) in paragraph at lines 65--66

 []

<chapter2/fig9.png, id=642, 458.46281pt x 385.44pt>
File: chapter2/fig9.png Graphic file (type png)
 <use chapter2/fig9.png>
Package pdftex.def Info: chapter2/fig9.png used on input line 69.
(pdftex.def)             Requested size: 426.81372pt x 278.834pt.

Underfull \hbox (badness 10000) in paragraph at lines 75--76

 []


Underfull \hbox (badness 10000) in paragraph at lines 78--79

 []

[9 <./chapter2/fig9.png>]
Underfull \hbox (badness 10000) in paragraph at lines 86--87

 []


Underfull \hbox (badness 10000) in paragraph at lines 88--89

 []


Underfull \hbox (badness 10000) in paragraph at lines 90--91

 []


Underfull \hbox (badness 10000) in paragraph at lines 92--93

 []


Underfull \hbox (badness 10000) in paragraph at lines 94--95

 []


Underfull \hbox (badness 10000) in paragraph at lines 96--97

 []

[10]
Underfull \hbox (badness 10000) in paragraph at lines 98--99

 []


Underfull \hbox (badness 10000) in paragraph at lines 100--102

 []


Underfull \hbox (badness 10000) in paragraph at lines 100--102

 []


Underfull \hbox (badness 10000) in paragraph at lines 114--117

 []


Underfull \hbox (badness 10000) in paragraph at lines 114--117

 []


Underfull \hbox (badness 10000) in paragraph at lines 122--123

 []


Underfull \hbox (badness 10000) in paragraph at lines 124--125

 []


Underfull \hbox (badness 10000) in paragraph at lines 126--127

 []

<chapter2prime/fig1.png, id=659, 648.92438pt x 228.855pt>
File: chapter2prime/fig1.png Graphic file (type png)

<use chapter2prime/fig1.png>
Package pdftex.def Info: chapter2prime/fig1.png used on input line 131.
(pdftex.def)             Requested size: 426.79625pt x 199.17557pt.

Underfull \hbox (badness 10000) in paragraph at lines 128--136

 []

[11]
Underfull \hbox (badness 10000) in paragraph at lines 138--139

 []


Underfull \hbox (badness 10000) in paragraph at lines 155--156

 []


Underfull \hbox (badness 10000) in paragraph at lines 157--159

 []


Underfull \hbox (badness 10000) in paragraph at lines 160--161

 []


Underfull \hbox (badness 10000) in paragraph at lines 163--166

 []


Underfull \hbox (badness 10000) in paragraph at lines 163--166

 []

[12 <./chapter2prime/fig1.png>]
Underfull \hbox (badness 10000) in paragraph at lines 183--184

 []


Underfull \hbox (badness 10000) in paragraph at lines 185--186

 []

[13]
Underfull \hbox (badness 10000) in paragraph at lines 197--198

 []


Underfull \hbox (badness 10000) in paragraph at lines 199--200

 []


Underfull \hbox (badness 10000) in paragraph at lines 201--202

 []


Underfull \hbox (badness 10000) in paragraph at lines 203--204

 []


Underfull \hbox (badness 10000) in paragraph at lines 205--206

 []


Underfull \hbox (badness 10000) in paragraph at lines 211--212

 []

<chapter2prime/lr.png, id=683, 548.0475pt x 372.64218pt>
File: chapter2prime/lr.png Graphic file (type png)

<use chapter2prime/lr.png>
Package pdftex.def Info: chapter2prime/lr.png used on input line 216.
(pdftex.def)             Requested size: 412.57332pt x 213.39194pt.

Underfull \hbox (badness 10000) in paragraph at lines 213--221

 []


Underfull \hbox (badness 10000) in paragraph at lines 224--225

 []

[14 <./chapter2prime/lr.png>]
Underfull \hbox (badness 10000) in paragraph at lines 240--241

 []

<chapter2prime/fig3.png, id=692, 848.4197pt x 343.2825pt>
File: chapter2prime/fig3.png Graphic file (type png)

<use chapter2prime/fig3.png>
Package pdftex.def Info: chapter2prime/fig3.png used on input line 246.
(pdftex.def)             Requested size: 469.46742pt x 213.39342pt.

Underfull \hbox (badness 10000) in paragraph at lines 242--251

 []


Underfull \hbox (badness 10000) in paragraph at lines 242--251

 []


Underfull \hbox (badness 10000) in paragraph at lines 242--251

 []

[15 <./chapter2prime/fig3.png>]
<chapter2prime/fig2.png, id=699, 3505.095pt x 1920.31714pt>
File: chapter2prime/fig2.png Graphic file (type png)

<use chapter2prime/fig2.png>
Package pdftex.def Info: chapter2prime/fig2.png used on input line 279.
(pdftex.def)             Requested size: 483.65016pt x 347.10725pt.

Underfull \hbox (badness 10000) in paragraph at lines 288--292

 []


Underfull \hbox (badness 10000) in paragraph at lines 288--292

 []


Underfull \hbox (badness 10000) in paragraph at lines 288--292

 []

[16 <./chapter2prime/fig2.png>]
Underfull \hbox (badness 10000) in paragraph at lines 293--294

 []


Underfull \hbox (badness 10000) in paragraph at lines 295--298

 []


Underfull \hbox (badness 10000) in paragraph at lines 295--298

 []


Underfull \hbox (badness 10000) in paragraph at lines 299--300

 []


Underfull \hbox (badness 10000) in paragraph at lines 301--302

 []


Underfull \hbox (badness 10000) in paragraph at lines 302--303

 []


Underfull \hbox (badness 10000) in paragraph at lines 303--304

 []


Underfull \hbox (badness 10000) in paragraph at lines 304--305

 []

[17]
Underfull \hbox (badness 10000) in paragraph at lines 316--317

 []


Underfull \hbox (badness 10000) in paragraph at lines 332--333

 []


Underfull \hbox (badness 10000) in paragraph at lines 334--335

 []

[18]
Underfull \hbox (badness 10000) in paragraph at lines 350--351

 []


Underfull \hbox (badness 10000) in paragraph at lines 352--353

 []


Underfull \hbox (badness 10000) in paragraph at lines 368--369

 []


Underfull \hbox (badness 10000) in paragraph at lines 385--386

 []


Underfull \hbox (badness 10000) in paragraph at lines 387--388

 []

[19]
Underfull \hbox (badness 10000) in paragraph at lines 389--390

 []


Underfull \hbox (badness 10000) in paragraph at lines 413--414

 []


Underfull \hbox (badness 10000) in paragraph at lines 415--416

 []

[20]
Underfull \hbox (badness 10000) in paragraph at lines 431--432

 []


Underfull \hbox (badness 10000) in paragraph at lines 433--434

 []


Overfull \hbox (11.21358pt too wide) in paragraph at lines 435--436
[]\T1/ppl/m/n/12 Spark ex-tends its pre-de-ces-sors with in-memory pro-cess-ing
. Its Re-silient Dis-tributed Dataset
 []


Underfull \hbox (badness 10000) in paragraph at lines 435--436

 []


Underfull \hbox (badness 10000) in paragraph at lines 451--452

 []


Underfull \hbox (badness 1057) in paragraph at lines 471--471
\T1/ppl/m/n/10 be-cause of its syn-tax and stan-dard li-
 []


Underfull \hbox (badness 2318) in paragraph at lines 471--471
\T1/ppl/m/n/10 ing and Nat-u-ral lan-guage pro-cess-ing.
 []


Underfull \hbox (badness 10000) in paragraph at lines 471--471
\T1/ppl/m/n/10 and li-braries for ma-chine learn-ing,
 []


Underfull \hbox (badness 10000) in paragraph at lines 453--474

 []


Underfull \hbox (badness 10000) in paragraph at lines 453--474

 []


Underfull \hbox (badness 10000) in paragraph at lines 453--474

 []

[21] [22]) (chapter2prime.tex [23]
Chapter 3.

Underfull \hbox (badness 10000) in paragraph at lines 7--8

 []


Underfull \hbox (badness 10000) in paragraph at lines 10--11

 []


Underfull \hbox (badness 10000) in paragraph at lines 12--13

 []


Underfull \hbox (badness 10000) in paragraph at lines 14--15

 []


Underfull \hbox (badness 10000) in paragraph at lines 16--17

 []


Underfull \hbox (badness 10000) in paragraph at lines 18--19

 []


Underfull \hbox (badness 10000) in paragraph at lines 20--21

 []

[24

]
Underfull \hbox (badness 10000) in paragraph at lines 22--23

 []


Underfull \hbox (badness 10000) in paragraph at lines 24--25

 []


Underfull \hbox (badness 10000) in paragraph at lines 26--27

 []


Underfull \hbox (badness 10000) in paragraph at lines 28--29

 []


Underfull \hbox (badness 10000) in paragraph at lines 30--31

 []


Underfull \hbox (badness 10000) in paragraph at lines 32--33

 []

<chapter2/fig2.png, id=746, 516.42938pt x 433.62pt>
File: chapter2/fig2.png Graphic file (type png)
 <use chapter2/fig2.png>
Package pdftex.def Info: chapter2/fig2.png used on input line 43.
(pdftex.def)             Requested size: 392.66377pt x 227.62082pt.

[25 <./chapter2/fig2.png>]
<chapter2/fig1.png, id=754, 608.2725pt x 341.77687pt>
File: chapter2/fig1.png Graphic file (type png)
 <use chapter2/fig1.png>
Package pdftex.def Info: chapter2/fig1.png used on input line 72.
(pdftex.def)             Requested size: 384.12329pt x 170.72113pt.

Underfull \hbox (badness 10000) in paragraph at lines 82--83

 []

[26 <./chapter2/fig1.png>]
Underfull \hbox (badness 10000) in paragraph at lines 84--85

 []


Underfull \hbox (badness 10000) in paragraph at lines 88--89

 []


Underfull \hbox (badness 10000) in paragraph at lines 90--91

 []

<chapter2prime/pipeline.png, id=763, 437.38406pt x 438.8897pt>
File: chapter2prime/pipeline.png Graphic file (type png)

<use chapter2prime/pipeline.png>
Package pdftex.def Info: chapter2prime/pipeline.png used on input line 96.
(pdftex.def)             Requested size: 270.30103pt x 256.0764pt.


LaTeX Warning: `!h' float specifier changed to `!ht'.


Underfull \hbox (badness 10000) in paragraph at lines 103--105

 []


Underfull \hbox (badness 10000) in paragraph at lines 106--111

 []


Underfull \hbox (badness 10000) in paragraph at lines 114--115

 []

[27]
Underfull \hbox (badness 10000) in paragraph at lines 116--117

 []


Underfull \hbox (badness 10000) in paragraph at lines 127--128

 []

[28 <./chapter2prime/pipeline.png>]
Underfull \hbox (badness 10000) in paragraph at lines 129--130

 []


Underfull \hbox (badness 10000) in paragraph at lines 135--136

 []

<chapter2/fig3.png, id=777, 238.97871pt x 124.58817pt>
File: chapter2/fig3.png Graphic file (type png)
 <use chapter2/fig3.png>
Package pdftex.def Info: chapter2/fig3.png used on input line 144.
(pdftex.def)             Requested size: 369.899pt x 142.27339pt.

[29 <./chapter2/fig3.png>]
Underfull \hbox (badness 10000) in paragraph at lines 158--159

 []


Underfull \hbox (badness 10000) in paragraph at lines 163--164

 []


Underfull \hbox (badness 10000) in paragraph at lines 165--166

 []


Underfull \hbox (badness 10000) in paragraph at lines 171--172

 []


Underfull \hbox (badness 10000) in paragraph at lines 173--174

 []

<chapter2/fig4.png, id=784, 778.40813pt x 331.2375pt>
File: chapter2/fig4.png Graphic file (type png)
 <use chapter2/fig4.png>
Package pdftex.def Info: chapter2/fig4.png used on input line 181.
(pdftex.def)             Requested size: 398.34882pt x 170.71304pt.

[30] <chapter2/fig5.png, id=790, 652.68843pt x 306.39468pt>
File: chapter2/fig5.png Graphic file (type png)

<use chapter2/fig5.png>
Package pdftex.def Info: chapter2/fig5.png used on input line 192.
(pdftex.def)             Requested size: 398.34851pt x 170.71494pt.
 <chapter2/fig6.png, id=792, 782.925pt x 252.945pt>
File: chapter2/fig6.png Graphic file (type png)

<use chapter2/fig6.png>
Package pdftex.def Info: chapter2/fig6.png used on input line 208.
(pdftex.def)             Requested size: 455.24368pt x 184.9455pt.
 [31 <./chapter2/fig4.png> <./chapter2/fig5.png>]
Underfull \hbox (badness 10000) in paragraph at lines 217--218

 []

<chapter2/fig7.png, id=798, 800.23969pt x 222.07968pt>
File: chapter2/fig7.png Graphic file (type png)
 <use chapter2/fig7.png>
Package pdftex.def Info: chapter2/fig7.png used on input line 221.
(pdftex.def)             Requested size: 398.3361pt x 170.71722pt.

<chapter2/fig8.png, id=800, 598.235pt x 287.0725pt>
File: chapter2/fig8.png Graphic file (type png)
 <use chapter2/fig8.png>
Package pdftex.def Info: chapter2/fig8.png used on input line 235.
(pdftex.def)             Requested size: 398.3416pt x 199.17532pt.

Underfull \hbox (badness 10000) in paragraph at lines 242--243

 []

[32 <./chapter2/fig6.png> <./chapter2/fig7.png>]) (chaptre3.tex [33 <./chapter2
/fig8.png>]
Chapter 4.

Underfull \hbox (badness 10000) in paragraph at lines 6--7

 []


Underfull \hbox (badness 10000) in paragraph at lines 8--9

 []


Underfull \hbox (badness 10000) in paragraph at lines 9--10

 []

<chapter3/actors.png, id=813, 123.46124pt x 224.33812pt>
File: chapter3/actors.png Graphic file (type png)

<use chapter3/actors.png>
Package pdftex.def Info: chapter3/actors.png used on input line 19.
(pdftex.def)             Requested size: 135.15782pt x 128.04178pt.
 [34

 <./chapter3/actors.png>] [35]
Underfull \hbox (badness 10000) in paragraph at lines 59--61

 []


Underfull \hbox (badness 10000) in paragraph at lines 62--63

 []

<chapter3/userrusecase.png, id=825, 840.13875pt x 605.26125pt>
File: chapter3/userrusecase.png Graphic file (type png)

<use chapter3/userrusecase.png>
Package pdftex.def Info: chapter3/userrusecase.png used on input line 67.
(pdftex.def)             Requested size: 483.69136pt x 463.78064pt.

Underfull \hbox (badness 1062) in paragraph at lines 93--93
[]|\T1/ppl/m/n/10 Visualize re-sults is also a main fea-
 []


Underfull \hbox (badness 1502) in paragraph at lines 93--93
\T1/ppl/m/n/10 ture of the ap-pli-ca-tion. Re-sult are
 []


Underfull \hbox (badness 5403) in paragraph at lines 93--93
[]|\T1/ppl/m/n/10 Each op-er-a-tion pro-cessed must be
 []

[36 <./chapter3/userrusecase.png>]
Underfull \hbox (badness 10000) in paragraph at lines 101--102

 []

[37] <chapter3/administrator.png, id=836, 647.41875pt x 721.19438pt>
File: chapter3/administrator.png Graphic file (type png)

<use chapter3/administrator.png>
Package pdftex.def Info: chapter3/administrator.png used on input line 108.
(pdftex.def)             Requested size: 483.69577pt x 475.15343pt.

Underfull \hbox (badness 10000) in paragraph at lines 118--119

 []

[38 <./chapter3/administrator.png>]
Underfull \hbox (badness 10000) in paragraph at lines 120--121

 []

<chapter3/client.png, id=844, 246.9225pt x 675.27281pt>
File: chapter3/client.png Graphic file (type png)

<use chapter3/client.png>
Package pdftex.def Info: chapter3/client.png used on input line 126.
(pdftex.def)             Requested size: 213.39285pt x 483.70253pt.

Underfull \hbox (badness 10000) in paragraph at lines 133--134

 []

[39 <./chapter3/client.png>]
Underfull \hbox (badness 10000) in paragraph at lines 137--138

 []

<chapter3/activity.png, id=851, 586.44093pt x 709.14937pt>
File: chapter3/activity.png Graphic file (type png)

<use chapter3/activity.png>
Package pdftex.def Info: chapter3/activity.png used on input line 142.
(pdftex.def)             Requested size: 483.69444pt x 426.80222pt.
) (chaptre4.tex [40 <./chapter3/activity.png>]
[41]
Chapter 5.
<chapter4/fig1.png, id=863, 776.9025pt x 536.0025pt>
File: chapter4/fig1.png Graphic file (type png)
 <use chapter4/fig1.png>
Package pdftex.def Info: chapter4/fig1.png used on input line 13.
(pdftex.def)             Requested size: 483.70169pt x 290.21402pt.

Overfull \hbox (4.98618pt too wide) in paragraph at lines 19--20
[]\T1/ppl/m/n/12 The soft-ware phys-i-cal ar-chi-tec-ture is struc-tured around
 5 main lay-ers. Ev-ery layer presents
 []

[42

 <./chapter4/fig1.png>]
Underfull \hbox (badness 10000) in paragraph at lines 21--22

 []


Underfull \hbox (badness 10000) in paragraph at lines 22--23

 []


Underfull \hbox (badness 10000) in paragraph at lines 23--24

 []


Underfull \hbox (badness 10000) in paragraph at lines 24--25

 []


Underfull \hbox (badness 10000) in paragraph at lines 25--26

 []


Underfull \hbox (badness 10000) in paragraph at lines 29--30

 []

<chapter4/package.png, id=870, 564.1075pt x 587.19376pt>
File: chapter4/package.png Graphic file (type png)

<use chapter4/package.png>
Package pdftex.def Info: chapter4/package.png used on input line 33.
(pdftex.def)             Requested size: 426.79805pt x 284.5288pt.

Underfull \hbox (badness 10000) in paragraph at lines 40--41

 []


Underfull \hbox (badness 10000) in paragraph at lines 42--43

 []

[43 <./chapter4/package.png>]
Underfull \hbox (badness 10000) in paragraph at lines 43--44

 []


Underfull \hbox (badness 10000) in paragraph at lines 46--47

 []


Underfull \hbox (badness 10000) in paragraph at lines 48--49

 []


Underfull \hbox (badness 10000) in paragraph at lines 49--50

 []


Underfull \hbox (badness 10000) in paragraph at lines 50--51

 []


Underfull \hbox (badness 10000) in paragraph at lines 51--52

 []


Underfull \hbox (badness 10000) in paragraph at lines 60--61

 []


Underfull \hbox (badness 10000) in paragraph at lines 63--64

 []


Underfull \hbox (badness 10000) in paragraph at lines 65--66

 []


Underfull \hbox (badness 10000) in paragraph at lines 66--67

 []


Underfull \hbox (badness 10000) in paragraph at lines 67--68

 []


Underfull \hbox (badness 10000) in paragraph at lines 68--69

 []

[44]
Underfull \hbox (badness 10000) in paragraph at lines 69--70

 []


Underfull \hbox (badness 10000) in paragraph at lines 72--73

 []


Underfull \hbox (badness 10000) in paragraph at lines 74--75

 []


Underfull \hbox (badness 10000) in paragraph at lines 75--76

 []


Underfull \hbox (badness 10000) in paragraph at lines 76--77

 []


Underfull \hbox (badness 10000) in paragraph at lines 77--78

 []


Underfull \hbox (badness 10000) in paragraph at lines 78--79

 []


Underfull \hbox (badness 10000) in paragraph at lines 79--80

 []


Underfull \hbox (badness 10000) in paragraph at lines 80--81

 []


Underfull \hbox (badness 10000) in paragraph at lines 81--82

 []


Underfull \hbox (badness 10000) in paragraph at lines 82--83

 []


Underfull \hbox (badness 10000) in paragraph at lines 83--84

 []


Underfull \hbox (badness 10000) in paragraph at lines 84--85

 []


Underfull \hbox (badness 10000) in paragraph at lines 85--86

 []

<chapter4/class.png, id=882, 1021.8175pt x 1391.1975pt>
File: chapter4/class.png Graphic file (type png)

<use chapter4/class.png>
Package pdftex.def Info: chapter4/class.png used on input line 92.
(pdftex.def)             Requested size: 483.68446pt x 668.63756pt.

Underfull \hbox (badness 10000) in paragraph at lines 102--103

 []

[45]

LaTeX Warning: Text page 46 contains only floats.

[46 <./chapter4/class.png>]
Underfull \hbox (badness 10000) in paragraph at lines 104--105

 []


Underfull \hbox (badness 10000) in paragraph at lines 106--107

 []


Underfull \hbox (badness 10000) in paragraph at lines 108--109

 []


Underfull \hbox (badness 10000) in paragraph at lines 110--111

 []

[47] <chapter4/sequence.png, id=897, 941.01563pt x 959.08313pt>
File: chapter4/sequence.png Graphic file (type png)

<use chapter4/sequence.png>
Package pdftex.def Info: chapter4/sequence.png used on input line 115.
(pdftex.def)             Requested size: 483.70233pt x 682.87091pt.
 [48 <./chapter4/sequence.png>]
<chapter4/SequenceDiagram1.png, id=904, 529.98pt x 499.8675pt>
File: chapter4/SequenceDiagram1.png Graphic file (type png)

<use chapter4/SequenceDiagram1.png>
Package pdftex.def Info: chapter4/SequenceDiagram1.png used on input line 126.
(pdftex.def)             Requested size: 341.43416pt x 369.89615pt.

Underfull \hbox (badness 10000) in paragraph at lines 135--136

 []

<chapter4/SequenceDiagram2.png, id=906, 416.30531pt x 364.36125pt>
File: chapter4/SequenceDiagram2.png Graphic file (type png)

<use chapter4/SequenceDiagram2.png>
Package pdftex.def Info: chapter4/SequenceDiagram2.png used on input line 141.
(pdftex.def)             Requested size: 264.62408pt x 227.61958pt.

Underfull \hbox (badness 10000) in paragraph at lines 151--152

 []

[49 <./chapter4/SequenceDiagram1.png>]
<chapter4/SequenceDiagram3.png, id=913, 540.51938pt x 247.67531pt>
File: chapter4/SequenceDiagram3.png Graphic file (type png)

<use chapter4/SequenceDiagram3.png>
Package pdftex.def Info: chapter4/SequenceDiagram3.png used on input line 157.
(pdftex.def)             Requested size: 327.2173pt x 213.3972pt.
 [50 <./chapter4/SequenceDiagram2.png> <./chapter4/SequenceDiagram3.png>]) (cha
ptre5.tex [51]
Chapter 6.

Underfull \hbox (badness 10000) in paragraph at lines 11--12

 []


Underfull \hbox (badness 10000) in paragraph at lines 34--34
[]|\T1/ppl/m/n/10 Integrated De-vel-op-ment En-vi-ron-
 []


Underfull \hbox (badness 10000) in paragraph at lines 34--34
[]|\T1/ppl/m/n/10 Integrated De-vel-op-ment En-vi-ron-
 []


Underfull \hbox (badness 10000) in paragraph at lines 34--34
[]|\T1/ppl/m/n/10 Developing plans and track-ing
 []

[52

] <chapter5/1.JPG, id=932, 1053.9375pt x 620.3175pt>
File: chapter5/1.JPG Graphic file (type jpg)
 <use chapter5/1.JPG>
Package pdftex.def Info: chapter5/1.JPG used on input line 65.
(pdftex.def)             Requested size: 426.79411pt x 241.84712pt.

<chapter5/2.JPG, id=934, 1037.37563pt x 611.28375pt>
File: chapter5/2.JPG Graphic file (type jpg)
 <use chapter5/2.JPG>
Package pdftex.def Info: chapter5/2.JPG used on input line 73.
(pdftex.def)             Requested size: 426.79886pt x 241.84152pt.

[53 <./chapter5/1.JPG>]
<chapter5/nodes.png, id=941, 671.50874pt x 435.12563pt>
File: chapter5/nodes.png Graphic file (type png)

<use chapter5/nodes.png>
Package pdftex.def Info: chapter5/nodes.png used on input line 83.
(pdftex.def)             Requested size: 369.88426pt x 199.17093pt.

Underfull \hbox (badness 10000) in paragraph at lines 90--91

 []

[54 <./chapter5/2.JPG> <./chapter5/nodes.png>]
Underfull \hbox (badness 10000) in paragraph at lines 92--93

 []


Underfull \hbox (badness 10000) in paragraph at lines 94--95

 []


Underfull \hbox (badness 10000) in paragraph at lines 96--97

 []


Underfull \hbox (badness 10000) in paragraph at lines 98--102

 []


Underfull \hbox (badness 10000) in paragraph at lines 98--102

 []


Underfull \hbox (badness 10000) in paragraph at lines 98--102

 []


Underfull \hbox (badness 10000) in paragraph at lines 98--102

 []

<chapter5/dataexplorer.png, id=950, 1015.54407pt x 490.08093pt>
File: chapter5/dataexplorer.png Graphic file (type png)

<use chapter5/dataexplorer.png>
Package pdftex.def Info: chapter5/dataexplorer.png used on input line 107.
(pdftex.def)             Requested size: 483.69011pt x 284.53131pt.

<chapter5/pca.png, id=951, 999.735pt x 461.47406pt>
File: chapter5/pca.png Graphic file (type png)
 <use chapter5/pca.png>
Package pdftex.def Info: chapter5/pca.png used on input line 115.
(pdftex.def)             Requested size: 483.69627pt x 284.52661pt.

[55 <./chapter5/dataexplorer.png>]
<chapter5/kmeans.png, id=956, 1001.99344pt x 490.08093pt>
File: chapter5/kmeans.png Graphic file (type png)

<use chapter5/kmeans.png>
Package pdftex.def Info: chapter5/kmeans.png used on input line 124.
(pdftex.def)             Requested size: 483.70345pt x 284.53131pt.

<chapter5/linear.png, id=957, 1027.58907pt x 527.72156pt>
File: chapter5/linear.png Graphic file (type png)

<use chapter5/linear.png>
Package pdftex.def Info: chapter5/linear.png used on input line 133.
(pdftex.def)             Requested size: 483.70387pt x 312.9796pt.
 [56 <./chapter5/pca.png> <./chapter5/kmeans.png>]
Underfull \hbox (badness 10000) in paragraph at lines 138--140

 []

<chapter5/work.png, id=964, 724.20563pt x 269.50688pt>
File: chapter5/work.png Graphic file (type png)
 <use chapter5/work.png>
Package pdftex.def Info: chapter5/work.png used on input line 143.
(pdftex.def)             Requested size: 483.70134pt x 199.17288pt.

[57 <./chapter5/linear.png> <./chapter5/work.png>]
<chapter5/plan.png, id=971, 712.91344pt x 350.81062pt>
File: chapter5/plan.png Graphic file (type png)
 <use chapter5/plan.png>
Package pdftex.def Info: chapter5/plan.png used on input line 157.
(pdftex.def)             Requested size: 483.69778pt x 276.01323pt.
) (conclusion.tex [58 <./chapter5/plan.png>]
Underfull \hbox (badness 10000) in paragraph at lines 4--5

 []


Underfull \hbox (badness 10000) in paragraph at lines 6--7

 []


Underfull \hbox (badness 10000) in paragraph at lines 8--9

 []


Underfull \hbox (badness 10000) in paragraph at lines 10--11

 []

) (main.bbl [59

] [60

]) (appendix.tex [61]
Appendix A.

Overfull \hbox (3.03851pt too wide) in paragraph at lines 18--20
\T1/ppl/m/n/12 Spyder is an open source cross-platform in-te-grated de-vel-op-m
ent en-vi-ron-ment (IDE)
 []

[62

] [63]
Appendix B.

Underfull \hbox (badness 10000) in paragraph at lines 58--66

 []


Underfull \hbox (badness 10000) in paragraph at lines 58--66

 []


Underfull \hbox (badness 10000) in paragraph at lines 58--66

 []


Underfull \hbox (badness 10000) in paragraph at lines 58--66

 []


Underfull \hbox (badness 10000) in paragraph at lines 58--66

 []


Underfull \hbox (badness 10000) in paragraph at lines 58--66

 []


Underfull \hbox (badness 10000) in paragraph at lines 58--66

 []


Underfull \hbox (badness 10000) in paragraph at lines 58--66

 []


Underfull \hbox (badness 10000) in paragraph at lines 67--68

 []

<chapter5/register.png, id=997, 1024.57782pt x 508.14844pt>
File: chapter5/register.png Graphic file (type png)

<use chapter5/register.png>
Package pdftex.def Info: chapter5/register.png used on input line 71.
(pdftex.def)             Requested size: 483.69347pt x 284.53792pt.

Underfull \hbox (badness 10000) in paragraph at lines 77--78

 []

<chapter5/login.png, id=998, 1027.58907pt x 490.08093pt>
File: chapter5/login.png Graphic file (type png)

<use chapter5/login.png>
Package pdftex.def Info: chapter5/login.png used on input line 81.
(pdftex.def)             Requested size: 483.70387pt x 284.53131pt.
 [64

 <./chapter5/register.png>]
Underfull \hbox (badness 10000) in paragraph at lines 87--88

 []

<chapter5/load.png, id=1003, 1026.08344pt x 511.15968pt>
File: chapter5/load.png Graphic file (type png)

<use chapter5/load.png>
Package pdftex.def Info: chapter5/load.png used on input line 91.
(pdftex.def)             Requested size: 483.6997pt x 284.52373pt.

Underfull \hbox (badness 10000) in paragraph at lines 98--99

 []

[65 <./chapter5/login.png> <./chapter5/load.png>]
<chapter5/k1.png, id=1008, 1019.30812pt x 514.92375pt>
File: chapter5/k1.png Graphic file (type png)
 <use chapter5/k1.png>
Package pdftex.def Info: chapter5/k1.png used on input line 102.
(pdftex.def)             Requested size: 483.69423pt x 284.52892pt.

Underfull \hbox (badness 10000) in paragraph at lines 108--109

 []

<chapter5/k2.png, id=1009, 1028.34187pt x 520.94624pt>
File: chapter5/k2.png Graphic file (type png)
 <use chapter5/k2.png>
Package pdftex.def Info: chapter5/k2.png used on input line 112.
(pdftex.def)             Requested size: 483.69734pt x 284.52612pt.

Underfull \hbox (badness 10000) in paragraph at lines 118--119

 []

[66 <./chapter5/k1.png> <./chapter5/k2.png>]
<chapter5/kc1.png, id=1014, 1022.31938pt x 517.935pt>
File: chapter5/kc1.png Graphic file (type png)
 <use chapter5/kc1.png>
Package pdftex.def Info: chapter5/kc1.png used on input line 122.
(pdftex.def)             Requested size: 483.68803pt x 284.54109pt.

Underfull \hbox (badness 10000) in paragraph at lines 129--130

 []

File: chapter5/kmeans.png Graphic file (type png)
<use chapter5/kmeans.png>
Package pdftex.def Info: chapter5/kmeans.png used on input line 134.
(pdftex.def)             Requested size: 483.70345pt x 284.53131pt.
 [67 <./chapter5/kc1.png>]
Appendix C.

Underfull \hbox (badness 10000) in paragraph at lines 164--165

 []


Underfull \hbox (badness 10000) in paragraph at lines 169--170

 []


Underfull \hbox (badness 10000) in paragraph at lines 174--175

 []


Underfull \hbox (badness 10000) in paragraph at lines 179--180

 []

[68

]
Underfull \hbox (badness 10000) in paragraph at lines 199--200

 []


Underfull \hbox (badness 10000) in paragraph at lines 210--211

 []


Underfull \hbox (badness 10000) in paragraph at lines 212--213

 []


Underfull \hbox (badness 10000) in paragraph at lines 217--218

 []


Underfull \hbox (badness 10000) in paragraph at lines 220--221

 []


Underfull \hbox (badness 10000) in paragraph at lines 222--223

 []


Underfull \hbox (badness 10000) in paragraph at lines 230--231

 []

[69]
Underfull \hbox (badness 10000) in paragraph at lines 236--237

 []


Underfull \hbox (badness 10000) in paragraph at lines 238--239

 []


Underfull \hbox (badness 10000) in paragraph at lines 243--244

 []


Underfull \hbox (badness 10000) in paragraph at lines 248--249

 []

) [70]
Package atveryend Info: Empty hook `BeforeClearDocument' on input line 262.
Package atveryend Info: Empty hook `AfterLastShipout' on input line 262.
 (main.aux)
Package atveryend Info: Executing hook `AtVeryEndDocument' on input line 262.


 *File List*
  report.cls    2014/09/29 v1.4h Standard LaTeX document class
  size10.clo    2014/09/29 v1.4h Standard LaTeX file (size option)
   babel.sty    2016/04/23 3.9r The Babel package
 bblopts.cfg    2005/09/08 v0.1 add Arabic and Farsi to "declared" options of b
abel
 english.ldf    2012/08/20 v3.3p English support from the babel system
inputenc.sty    2015/03/17 v1.2c Input encoding file
   utf8x.def    2004/10/17 UCS: Input encoding UTF-8
     ucs.sty    2013/05/11 v2.2 UCS: Unicode input support
uni-global.def    2013/05/13 UCS: Unicode global data
 arabtex.sty    2003/08/22  3.11 ArabTeX main module
 arabaux.sty    2003/05/21  3.11 auxiliary macros for ArabTeX
    acmd.sty    2003/08/20  3.11 Arabic command processing 
  afonts.sty    1995/11/16  3.04 define Naskh font 
 afonts2.sty    1998/10/19  3.10 define Naskh fonts for LaTeX2e
   ascan.sty    2003/08/22  3.11 standard ZDMG input encoding 
  aparse.sty    2003/05/26  3.11 get syllables 
  awrite.sty    2003/06/05  3.11 build output word 
xarbsymb.sty    1998/07/15  3.07 symbolic output encoding 
arabskel.sty    2000/06/04  3.10 character skeleton definitions 
xarbskel.sty    1999/07/17  3.09 character skeleton definitions 
  aboxes.sty    2003/05/28  3.11 build output boxes
arabtoks.sty    1999/07/17  3.09 ArabTeX CS token definitions 
arabchrs.sty    1998/07/11  3.07 letter token definitions 
   aligs.sty    2003/05/26  3.11 compute ligatures
 aoutput.sty    2000/06/04  3.10 build output lines
  abidir.sty    2003/08/22  3.11 bidirectional linebreaking
  atrans.sty    2003/06/14  3.11 generate the transliteration 
  alatex.sty    2003/05/04  3.11 ArabTeX extensions for LaTeX 
   afoot.sty    2003/05/12  3.11 ArabTeX footnotes
   abjad.sty    2003/04/26  3.11 abjad numerals 
  apatch.sty    2006/07/02  3.11s last minute patches 
  alists.sty    2003/04/26  3.11 inverted list macros
   asect.sty    2003/04/26  3.11 section macros for Arabic
   atabg.sty    1997/01/21  3.05 LaTeX tabbing macros for Arabic
multirow.sty    2016/09/27 v2.0 Span multiple rows of a table
    utf8.sty    2000/06/13  3.10 UTF-8 input encoding 
 utfcode.sty    2002/03/07  3.10a Arabic+Hebrew segment of UTF-8
   float.sty    2001/11/08 v1.3d Float enhancements (AL)
 amsmath.sty    2016/06/28 v2.15d AMS math features
 amstext.sty    2000/06/29 v2.01 AMS text
  amsgen.sty    1999/11/30 v2.0 generic functions
  amsbsy.sty    1999/11/29 v1.2d Bold Symbols
  amsopn.sty    2016/03/08 v2.02 operator names
graphicx.sty    2014/10/28 v1.0g Enhanced LaTeX Graphics (DPC,SPQR)
  keyval.sty    2014/10/28 v1.15 key=value parser (DPC)
graphics.sty    2016/07/10 v1.0t Standard LaTeX Graphics (DPC,SPQR)
    trig.sty    2016/01/03 v1.10 sin cos tan (DPC)
graphics.cfg    2016/06/04 v1.11 sample graphics configuration
  pdftex.def    2016/07/10 v0.06j Graphics/color for pdfTeX
infwarerr.sty    2016/05/16 v1.4 Providing info/warning/error messages (HO)
 ltxcmds.sty    2016/05/16 v1.23 LaTeX kernel commands for general use (HO)
palatino.sty    2005/04/12 PSNFSS-v9.2a (SPQR) 
pdfpages.sty    2016/04/19 v0.5f Insert pages of external PDF documents (AM)
  ifthen.sty    2014/09/29 v1.1c Standard LaTeX ifthen package (DPC)
    calc.sty    2014/10/28 v4.3 Infix arithmetic (KKT,FJ)
 eso-pic.sty    2015/07/21 v2.0g eso-pic (RN)
atbegshi.sty    2016/06/09 v1.18 At begin shipout hook (HO)
   ifpdf.sty    2016/05/14 v3.1 Provides the ifpdf switch
  xcolor.sty    2016/05/11 v2.12 LaTeX color extensions (UK)
   color.cfg    2016/01/02 v1.6 sample color configuration
pppdftex.def    2016/04/19 v0.5f Pdfpages driver for pdfTeX (AM)
todonotes.sty    2012/07/25
 xkeyval.sty    2014/12/03 v2.7a package option processing (HA)
 xkeyval.tex    2014/12/03 v2.7a key=value parser (HA)
    tikz.sty    2015/08/07 v3.0.1a (rcs-revision 1.151)
     pgf.sty    2015/08/07 v3.0.1a (rcs-revision 1.15)
  pgfrcs.sty    2015/08/07 v3.0.1a (rcs-revision 1.31)
everyshi.sty    2001/05/15 v3.00 EveryShipout Package (MS)
  pgfrcs.code.tex
 pgfcore.sty    2010/04/11 v3.0.1a (rcs-revision 1.7)
  pgfsys.sty    2014/07/09 v3.0.1a (rcs-revision 1.48)
  pgfsys.code.tex
pgfsyssoftpath.code.tex    2013/09/09  (rcs-revision 1.9)
pgfsysprotocol.code.tex    2006/10/16  (rcs-revision 1.4)
 pgfcore.code.tex
pgfcomp-version-0-65.sty    2007/07/03 v3.0.1a (rcs-revision 1.7)
pgfcomp-version-1-18.sty    2007/07/23 v3.0.1a (rcs-revision 1.1)
  pgffor.sty    2013/12/13 v3.0.1a (rcs-revision 1.25)
 pgfkeys.sty    
 pgfkeys.code.tex
 pgfmath.sty    
 pgfmath.code.tex
  pgffor.code.tex
    tikz.code.tex
     url.sty    2013/09/16  ver 3.4  Verb mode for urls, etc.
 amssymb.sty    2013/01/14 v3.01 AMS font symbols
amsfonts.sty    2013/01/14 v3.01 Basic AMSFonts support
    cmap.sty    2008/03/06 v1.0h CMap support: searchable PDF
fancyvrb.sty    2008/02/07
hyperref.sty    2016/06/24 v6.83q Hypertext links for LaTeX
hobsub-hyperref.sty    2016/05/16 v1.14 Bundle oberdiek, subset hyperref (HO)
hobsub-generic.sty    2016/05/16 v1.14 Bundle oberdiek, subset generic (HO)
  hobsub.sty    2016/05/16 v1.14 Construct package bundles (HO)
ifluatex.sty    2016/05/16 v1.4 Provides the ifluatex switch (HO)
  ifvtex.sty    2016/05/16 v1.6 Detect VTeX and its facilities (HO)
 intcalc.sty    2016/05/16 v1.2 Expandable calculations with integers (HO)
etexcmds.sty    2016/05/16 v1.6 Avoid name clashes with e-TeX commands (HO)
kvsetkeys.sty    2016/05/16 v1.17 Key value parser (HO)
kvdefinekeys.sty    2016/05/16 v1.4 Define keys (HO)
pdftexcmds.sty    2016/05/21 v0.22 Utility functions of pdfTeX for LuaTeX (HO)
pdfescape.sty    2016/05/16 v1.14 Implements pdfTeX's escape features (HO)
bigintcalc.sty    2016/05/16 v1.4 Expandable calculations on big integers (HO)
  bitset.sty    2016/05/16 v1.2 Handle bit-vector datatype (HO)
uniquecounter.sty    2016/05/16 v1.3 Provide unlimited unique counter (HO)
letltxmacro.sty    2016/05/16 v1.5 Let assignment for LaTeX macros (HO)
 hopatch.sty    2016/05/16 v1.3 Wrapper for package hooks (HO)
xcolor-patch.sty    2016/05/16 xcolor patch
atveryend.sty    2016/05/16 v1.9 Hooks at the very end of document (HO)
refcount.sty    2016/05/16 v3.5 Data extraction from label references (HO)
 hycolor.sty    2016/05/16 v1.8 Color options for hyperref/bookmark (HO)
 ifxetex.sty    2010/09/12 v0.6 Provides ifxetex conditional
 auxhook.sty    2016/05/16 v1.4 Hooks for auxiliary files (HO)
kvoptions.sty    2016/05/16 v3.12 Key value format for package options (HO)
  pd1enc.def    2016/06/24 v6.83q Hyperref: PDFDocEncoding definition (HO)
hyperref.cfg    2002/06/06 v1.2 hyperref configuration of TeXLive
 hpdftex.def    2016/06/24 v6.83q Hyperref driver for pdfTeX
rerunfilecheck.sty    2016/05/16 v1.8 Rerun checks for auxiliary files (HO)
   array.sty    2014/10/28 v2.4c Tabular extension package (FMi)
tabularx.sty    2016/02/03 v2.11 `tabularx' package (DPC)
mathtools.sty    2015/11/12 v1.18 mathematical typesetting tools
 mhsetup.sty    2010/01/21 v1.2a programming setup (MH)
setspace.sty    2011/12/19 v6.7a set line spacing
abstract.sty    2009/06/08 v1.2a configurable abstracts
 fontenc.sty
   t1enc.def    2016/06/19 v1.99m Standard LaTeX file
fncychap.sty    2007/07/30 v1.34 LaTeX package (Revised chapters)
appendix.sty    2009/09/02 v1.2b extra appendix facilities
geometry.sty    2010/09/12 v5.6 Page Geometry
geometry.cfg
  subfig.sty    2005/06/28 ver: 1.3 subfig package
 caption.sty    2016/02/21 v3.3-144 Customizing captions (AR)
caption3.sty    2016/05/22 v1.7-166 caption3 kernel (AR)
fancyhdr.sty    2016/09/06 3.8 Extensive control of page headers and footers
   uni-0.def    2013/05/13 UCS: Unicode data U+0000..U+00FF
   t1ppl.fd    2001/06/04 font definitions for T1/ppl.
 ucsencs.def    2011/01/21 Fixes to fontencodings LGR, T3
supp-pdf.mkii
epstopdf-base.sty    2016/05/15 v2.6 Base part for package epstopdf
  grfext.sty    2016/05/16 v1.2 Manage graphics extensions (HO)
pdflscape.sty    2016/05/14 v0.11 Display of landscape pages in PDF (HO)
  lscape.sty    2000/10/22 v3.01 Landscape Pages (DPC)
 nameref.sty    2016/05/21 v2.44 Cross-referencing by name of section
gettitlestring.sty    2016/05/16 v1.5 Cleanup title references (HO)
    main.out
    main.out
  apatch.sty    2006/07/02  3.11s last minute patches 
 ./title.tex
./logoEnsi.png
    umsa.fd    2013/01/14 v3.01 AMS symbols A
    umsb.fd    2013/01/14 v3.01 AMS symbols B
./iologo.png
./abstract.tex
   uxnsh.fd     1999/10/19 v3.10 ArabTeX Naskh extd. font definitions
./proverb.tex
acknowledgement.tex
      ab.tex
./introduction.tex
./chaptre1.tex
  ot1phv.fd    2001/06/04 scalable font definitions for OT1/phv.
  ot1ptm.fd    2001/06/04 font definitions for OT1/ptm.
  uni-32.def    2013/05/13 UCS: Unicode data U+2000..U+20FF
chapter1/fig2.png
./chaptre2.tex
chapter2/fig9.png
chapter2prime/fig1.png
chapter2prime/lr.png
chapter2prime/fig3.png
chapter2prime/fig2.png
./chapter2prime.tex
chapter2/fig2.png
chapter2/fig1.png
chapter2prime/pipeline.png
chapter2/fig3.png
chapter2/fig4.png
chapter2/fig5.png
chapter2/fig6.png
chapter2/fig7.png
chapter2/fig8.png
./chaptre3.tex
chapter3/actors.png
chapter3/userrusecase.png
chapter3/administrator.png
chapter3/client.png
chapter3/activity.png
./chaptre4.tex
chapter4/fig1.png
chapter4/package.png
chapter4/class.png
chapter4/sequence.png
chapter4/SequenceDiagram1.png
chapter4/SequenceDiagram2.png
chapter4/SequenceDiagram3.png
./chaptre5.tex
chapter5/1.JPG
chapter5/2.JPG
chapter5/nodes.png
chapter5/dataexplorer.png
chapter5/pca.png
chapter5/kmeans.png
chapter5/linear.png
chapter5/work.png
chapter5/plan.png
./conclusion.tex
    main.bbl
./appendix.tex
chapter5/register.png
chapter5/login.png
chapter5/load.png
chapter5/k1.png
chapter5/k2.png
chapter5/kc1.png
chapter5/kmeans.png
 ***********

Package atveryend Info: Executing hook `AtEndAfterFileList' on input line 262.
Package rerunfilecheck Info: File `main.out' has not changed.
(rerunfilecheck)             Checksum: 0EE216CF7E988316C503FB6B450222A1;5751.
Package atveryend Info: Empty hook `AtVeryVeryEnd' on input line 262.
 ) 
Here is how much of TeX's memory you used:
 24814 strings out of 493334
 421015 string characters out of 3138391
 534711 words of memory out of 3000000
 27409 multiletter control sequences out of 15000+200000
 45165 words of font info for 82 fonts, out of 3000000 for 9000
 1141 hyphenation exceptions out of 8191
 62i,12n,96p,1200b,542s stack positions out of 5000i,500n,10000p,200000b,50000s
{C:/Program Files (x86)/MIKTEX/fonts/enc/dvips/fontname/8r.enc}<C:/Program Fi
les (x86)/MIKTEX/fonts/type1/public/amsfonts/cm/cmex10.pfb><C:/Program Files (x
86)/MIKTEX/fonts/type1/public/amsfonts/cm/cmmi12.pfb><C:/Program Files (x86)/MI
KTEX/fonts/type1/public/amsfonts/cm/cmmi8.pfb><C:/Program Files (x86)/MIKTEX/fo
nts/type1/public/amsfonts/cm/cmr12.pfb><C:/Program Files (x86)/MIKTEX/fonts/typ
e1/public/amsfonts/cm/cmr8.pfb><C:/Program Files (x86)/MIKTEX/fonts/type1/publi
c/amsfonts/cm/cmsy10.pfb><C:/Program Files (x86)/MIKTEX/fonts/type1/public/amsf
onts/cm/cmsy8.pfb><C:/Program Files (x86)/MIKTEX/fonts/type1/public/amsfonts/sy
mbols/msbm10.pfb><C:/Program Files (x86)/MIKTEX/fonts/type1/urw/helvetic/uhvr8a
.pfb><C:/Program Files (x86)/MIKTEX/fonts/type1/urw/palatino/uplb8a.pfb><C:/Pro
gram Files (x86)/MIKTEX/fonts/type1/urw/palatino/uplr8a.pfb><C:/Program Files (
x86)/MIKTEX/fonts/type1/urw/palatino/uplri8a.pfb><C:/Program Files (x86)/MIKTEX
/fonts/type1/urw/times/utmr8a.pfb><C:/Program Files (x86)/MIKTEX/fonts/type1/pu
blic/arabtex/xnsh14.pfb><C:/Program Files (x86)/MIKTEX/fonts/type1/public/arabt
ex/xnsh14bf.pfb>
Output written on main.pdf (81 pages, 4284409 bytes).
PDF statistics:
 1138 PDF objects out of 1200 (max. 8388607)
 244 named destinations out of 1000 (max. 500000)
 901 words of extra memory for PDF output out of 10000 (max. 10000000)

